 -0.1018541434E-03  0.6711501009E-03
 -0.9961335222E-04  0.7950440064E-03
 -0.9737256107E-04  0.7391022757E-03
 -0.9513176991E-04  0.8178427546E-03
 -0.9289097876E-04  0.1044260587E-02
 -0.9065018760E-04  0.6957976386E-03
 -0.8840939645E-04  0.1044239360E-02
 -0.8616860529E-04  0.1017367884E-02
 -0.8392781414E-04  0.1224214393E-02
 -0.8168702299E-04  0.1100825207E-02
 -0.7944623183E-04  0.6907378730E-03
 -0.7720544068E-04  0.1419479217E-02
 -0.7496464952E-04  0.1056320746E-02
 -0.7272385837E-04  0.5689034392E-03
 -0.7048306721E-04  0.1489517093E-02
 -0.6824227606E-04  0.1356742675E-02
 -0.6600148491E-04  0.7880323767E-03
 -0.6376069375E-04  0.1029900035E-02
 -0.6151990260E-04  0.1039285344E-02
 -0.5927911144E-04  0.8205048510E-03
 -0.5703832029E-04  0.1354091213E-02
 -0.5479752914E-04  0.6544032146E-03
 -0.5255673798E-04  0.1320210381E-02
 -0.5031594683E-04  0.1245957530E-02
 -0.4807515567E-04  0.1030705522E-02
 -0.4583436452E-04  0.1073047159E-02
 -0.4359357336E-04  0.9893481421E-03
 -0.4135278221E-04  0.2519184791E-03
 -0.3911199106E-04  0.9381842090E-03
 -0.3687119990E-04  0.3475003477E-03
 -0.3463040875E-04  0.6715845701E-03
 -0.3238961759E-04  0.4239479770E-03
 -0.3014882644E-04  0.7448492008E-03
 -0.2790803528E-04  0.2746356688E-03
 -0.2566724413E-04  0.7138002702E-03
 -0.2342645298E-04  0.1063174678E-02
 -0.2118566182E-04  0.5335797298E-03
 -0.1894487067E-04  0.5916756844E-03
 -0.1670407951E-04  0.3754971267E-03
 -0.1446328836E-04  0.2745852464E-03
 -0.1222249720E-04  0.1755089963E-03
 -0.9981706051E-05  0.1127614958E-03
 -0.7740914896E-05  0.1091430629E-03
 -0.5500123742E-05  0.1635269869E-03
 -0.3259332588E-05  0.5815575229E-04
 -0.1018541434E-05 -0.2862855966E-18
  0.1222249720E-05   0.000000000    
  0.3463040875E-05   0.000000000    
  0.5703832029E-05  0.2485525314E-03
  0.7944623183E-05  0.1691559373E-03
  0.1018541434E-04  0.2641453673E-03
  0.1242620549E-04  0.1413133902E-03
  0.1466699665E-04  0.4013665547E-03
  0.1690778780E-04  0.5950639680E-03
  0.1914857895E-04  0.4105465737E-03
  0.2138937011E-04  0.6178880773E-03
  0.2363016126E-04  0.5861016676E-03
  0.2587095242E-04  0.7260937364E-03
  0.2811174357E-04  0.1173041583E-02
  0.3035253473E-04  0.7741611894E-03
  0.3259332588E-04  0.7848230918E-03
  0.3483411703E-04  0.6723485966E-03
  0.3707490819E-04  0.1007962564E-02
  0.3931569934E-04  0.8515451216E-03
  0.4155649050E-04  0.6918566013E-03
  0.4379728165E-04  0.1003053612E-02
  0.4603807281E-04  0.1650784196E-02
  0.4827886396E-04  0.1237207569E-02
  0.5051965511E-04  0.7375300630E-03
  0.5276044627E-04  0.1873381005E-02
  0.5500123742E-04  0.2268286605E-02
  0.5724202858E-04  0.1005647780E-02
  0.5948281973E-04  0.1661190835E-02
  0.6172361088E-04  0.2976789308E-02
  0.6396440204E-04  0.1823168897E-02
  0.6620519319E-04  0.1860934092E-02
  0.6844598435E-04  0.2771095286E-02
  0.7068677550E-04  0.1236291757E-02
  0.7292756666E-04  0.2749402893E-02
  0.7516835781E-04  0.2876834071E-02
  0.7740914896E-04  0.2340282678E-02
  0.7964994012E-04  0.3039671215E-02
  0.8189073127E-04  0.2480892138E-02
  0.8413152243E-04  0.3664121223E-02
  0.8637231358E-04  0.4633763989E-02
  0.8861310474E-04  0.3590860368E-02
  0.9085389589E-04  0.3360834649E-02
  0.9309468704E-04  0.3007201669E-02
  0.9533547820E-04  0.3818429649E-02
  0.9757626935E-04  0.4527588274E-02
  0.9981706051E-04  0.3970691859E-02
  0.1020578517E-03  0.4490380905E-02
  0.1042986428E-03  0.6035997429E-02
  0.1065394340E-03  0.6406212721E-02
  0.1087802251E-03  0.4864767289E-02
  0.1110210163E-03  0.5188870874E-02
  0.1132618074E-03  0.6089573047E-02
  0.1155025986E-03  0.7309253238E-02
  0.1177433897E-03  0.5473891049E-02
  0.1199841809E-03  0.7499065688E-02
  0.1222249720E-03  0.7688377638E-02
  0.1244657632E-03  0.9177335270E-02
  0.1267065544E-03  0.8475880583E-02
  0.1289473455E-03  0.8066501531E-02
  0.1311881367E-03  0.7810415918E-02
  0.1334289278E-03  0.9794242719E-02
  0.1356697190E-03  0.1271187665E-01
  0.1379105101E-03  0.1010245261E-01
  0.1401513013E-03  0.1314096756E-01
  0.1423920924E-03  0.1181787033E-01
  0.1446328836E-03  0.9525358943E-02
  0.1468736747E-03  0.1336392670E-01
  0.1491144659E-03  0.1850287626E-01
  0.1513552571E-03  0.1305663273E-01
  0.1535960482E-03  0.1676105690E-01
  0.1558368394E-03  0.1629265303E-01
  0.1580776305E-03  0.1973427999E-01
  0.1603184217E-03  0.1903170884E-01
  0.1625592128E-03  0.1684242489E-01
  0.1648000040E-03  0.2038649584E-01
  0.1670407951E-03  0.2554200149E-01
  0.1692815863E-03  0.2201897336E-01
  0.1715223774E-03  0.2646268260E-01
  0.1737631686E-03  0.1928350967E-01
  0.1760039598E-03  0.2957713474E-01
  0.1782447509E-03  0.2634006804E-01
  0.1804855421E-03  0.2949120463E-01
  0.1827263332E-03  0.3014541298E-01
  0.1849671244E-03  0.3035102901E-01
  0.1872079155E-03  0.3317805074E-01
  0.1894487067E-03  0.3162182141E-01
  0.1916894978E-03  0.3945398963E-01
  0.1939302890E-03  0.3766063481E-01
  0.1961710801E-03  0.3258079140E-01
  0.1984118713E-03  0.4161604451E-01
  0.2006526624E-03  0.4139766065E-01
  0.2028934536E-03  0.4041213804E-01
  0.2051342448E-03  0.3934607018E-01
  0.2073750359E-03  0.4581884638E-01
  0.2096158271E-03  0.4577609987E-01
  0.2118566182E-03  0.4629557541E-01
  0.2140974094E-03  0.4873640348E-01
  0.2163382005E-03  0.5214726191E-01
  0.2185789917E-03  0.4946704367E-01
  0.2208197828E-03  0.5720654505E-01
  0.2230605740E-03  0.4618022174E-01
  0.2253013651E-03  0.5774737630E-01
  0.2275421563E-03  0.5847047047E-01
  0.2297829475E-03  0.5649152532E-01
  0.2320237386E-03  0.6309242093E-01
  0.2342645298E-03  0.5970986788E-01
  0.2365053209E-03  0.6144942163E-01
  0.2387461121E-03  0.6340828112E-01
  0.2409869032E-03  0.6674422063E-01
  0.2432276944E-03  0.6744514145E-01
  0.2454684855E-03  0.6562280991E-01
  0.2477092767E-03  0.6738467018E-01
  0.2499500678E-03  0.6816320058E-01
  0.2521908590E-03  0.7963754590E-01
  0.2544316501E-03  0.7361758443E-01
  0.2566724413E-03  0.7319256873E-01
  0.2589132325E-03  0.7717021631E-01
  0.2611540236E-03  0.7782785999E-01
  0.2633948148E-03  0.7705507033E-01
  0.2656356059E-03  0.8128973860E-01
  0.2678763971E-03  0.8334935851E-01
  0.2701171882E-03  0.8010641294E-01
  0.2723579794E-03  0.1034243129    
  0.2745987705E-03  0.8266512403E-01
  0.2768395617E-03  0.8996497737E-01
  0.2790803528E-03  0.8537544429E-01
  0.2813211440E-03  0.1033772222    
  0.2835619352E-03  0.8233424672E-01
  0.2858027263E-03  0.8979374219E-01
  0.2880435175E-03  0.9984808340E-01
  0.2902843086E-03  0.1125482488    
  0.2925250998E-03  0.1048236720    
  0.2947658909E-03  0.9920216931E-01
  0.2970066821E-03  0.1058160546    
  0.2992474732E-03  0.1024058041    
  0.3014882644E-03  0.1150030050    
  0.3037290555E-03  0.1008413795    
  0.3059698467E-03  0.1155969082    
  0.3082106379E-03  0.1085432257    
  0.3104514290E-03  0.1171754346    
  0.3126922202E-03  0.1366518991    
  0.3149330113E-03  0.1140586481    
  0.3171738025E-03  0.1213887767    
  0.3194145936E-03  0.1218250805    
  0.3216553848E-03  0.1248142280    
  0.3238961759E-03  0.1303951009    
  0.3261369671E-03  0.1309839370    
  0.3283777582E-03  0.1359642328    
  0.3306185494E-03  0.1190736909    
  0.3328593405E-03  0.1429339804    
  0.3351001317E-03  0.1445640522    
  0.3373409229E-03  0.1409870062    
  0.3395817140E-03  0.1563213604    
  0.3418225052E-03  0.1391183800    
  0.3440632963E-03  0.1448175541    
  0.3463040875E-03  0.1533756382    
  0.3485448786E-03  0.1568367193    
  0.3507856698E-03  0.1476659724    
  0.3530264609E-03  0.1474958967    
  0.3552672521E-03  0.1717573090    
  0.3575080432E-03  0.1729590297    
  0.3597488344E-03  0.1715660408    
  0.3619896256E-03  0.1630743583    
  0.3642304167E-03  0.1694458915    
  0.3664712079E-03  0.1774230555    
  0.3687119990E-03  0.1761131570    
  0.3709527902E-03  0.1667659105    
  0.3731935813E-03  0.1714464445    
  0.3754343725E-03  0.1958755230    
  0.3776751636E-03  0.1932577595    
  0.3799159548E-03  0.2067306365    
  0.3821567459E-03  0.1906526997    
  0.3843975371E-03  0.1951388118    
  0.3866383282E-03  0.1976791596    
  0.3888791194E-03  0.1857142963    
  0.3911199106E-03  0.1937306949    
  0.3933607017E-03  0.1994021894    
  0.3956014929E-03  0.2243110748    
  0.3978422840E-03  0.2301551445    
  0.4000830752E-03  0.2187085940    
  0.4023238663E-03  0.2251951586    
  0.4045646575E-03  0.2228727565    
  0.4068054486E-03  0.2171958507    
  0.4090462398E-03  0.2196454283    
  0.4112870309E-03  0.2232005643    
  0.4135278221E-03  0.2296324727    
  0.4157686133E-03  0.2472204552    
  0.4180094044E-03  0.2503659333    
  0.4202501956E-03  0.2438781540    
  0.4224909867E-03  0.2321810626    
  0.4247317779E-03  0.2646882330    
  0.4269725690E-03  0.2685076519    
  0.4292133602E-03  0.2476054554    
  0.4314541513E-03  0.2335954058    
  0.4336949425E-03  0.2582471134    
  0.4359357336E-03  0.2807665876    
  0.4381765248E-03  0.2770828527    
  0.4404173159E-03  0.2818306999    
  0.4426581071E-03  0.2844845697    
  0.4448988983E-03  0.2729869878    
  0.4471396894E-03  0.2747536845    
  0.4493804806E-03  0.2888550557    
  0.4516212717E-03  0.2716692728    
  0.4538620629E-03  0.3083450293    
  0.4561028540E-03  0.3129900814    
  0.4583436452E-03  0.3086346413    
  0.4605844363E-03  0.2958832672    
  0.4628252275E-03  0.3150397419    
  0.4650660186E-03  0.3200909848    
  0.4673068098E-03  0.3217534225    
  0.4695476010E-03  0.3124958947    
  0.4717883921E-03  0.3269238632    
  0.4740291833E-03  0.3402343877    
  0.4762699744E-03  0.3561980021    
  0.4785107656E-03  0.3403650746    
  0.4807515567E-03  0.3512008242    
  0.4829923479E-03  0.3544503840    
  0.4852331390E-03  0.3368922766    
  0.4874739302E-03  0.3612979386    
  0.4897147213E-03  0.3661705478    
  0.4919555125E-03  0.4035546441    
  0.4941963037E-03  0.3882642840    
  0.4964370948E-03  0.3871859165    
  0.4986778860E-03  0.4078381001    
  0.5009186771E-03  0.3882499504    
  0.5031594683E-03  0.4025897571    
  0.5054002594E-03  0.4013836741    
  0.5076410506E-03  0.4355204118    
  0.5098818417E-03  0.4271135034    
  0.5121226329E-03  0.4488410273    
  0.5143634240E-03  0.4510958701    
  0.5166042152E-03  0.4535579722    
  0.5188450063E-03  0.4433336908    
  0.5210857975E-03  0.4810469384    
  0.5233265887E-03  0.4764685550    
  0.5255673798E-03  0.4921387952    
  0.5278081710E-03  0.5006504668    
  0.5300489621E-03  0.5401429529    
  0.5322897533E-03  0.5114298564    
  0.5345305444E-03  0.5319982211    
  0.5367713356E-03  0.5512002716    
  0.5390121267E-03  0.5542668603    
  0.5412529179E-03  0.5834507581    
  0.5434937090E-03  0.5914253614    
  0.5457345002E-03  0.6297710453    
  0.5479752914E-03  0.6248456136    
  0.5502160825E-03  0.6468820650    
  0.5524568737E-03  0.6844550945    
  0.5546976648E-03  0.7183549534    
  0.5569384560E-03  0.7936163089    
  0.5591792471E-03  0.8699645692    
  0.5614200383E-03  0.8617811738    
  0.5636608294E-03  0.9088956610    
  0.5659016206E-03  0.9304794488    
  0.5681424117E-03  0.9038625689    
  0.5703832029E-03  0.9517742364    
  0.5726239940E-03  0.9728054498    
  0.5748647852E-03   1.001338830    
  0.5771055764E-03   1.013454742    
  0.5793463675E-03   1.023290618    
  0.5815871587E-03   1.113389930    
  0.5838279498E-03   1.111745747    
  0.5860687410E-03   1.184060051    
  0.5883095321E-03   1.259544654    
  0.5905503233E-03   1.270348025    
  0.5927911144E-03   1.395882239    
  0.5950319056E-03   1.354127967    
  0.5972726967E-03   1.354425190    
  0.5995134879E-03   1.393563561    
  0.6017542791E-03   1.372851775    
  0.6039950702E-03   1.321911692    
  0.6062358614E-03   1.279655210    
  0.6084766525E-03   1.236587921    
  0.6107174437E-03   1.214332371    
  0.6129582348E-03   1.119622559    
  0.6151990260E-03   1.023786200    
  0.6174398171E-03  0.9725257340    
  0.6196806083E-03  0.8660335148    
  0.6219213994E-03  0.7129702641    
  0.6241621906E-03  0.6455016598    
  0.6264029818E-03  0.5930467203    
  0.6286437729E-03  0.6134933583    
  0.6308845641E-03  0.5827661367    
  0.6331253552E-03  0.5899112609    
  0.6353661464E-03  0.6058183774    
  0.6376069375E-03  0.5871755921    
  0.6398477287E-03  0.5909951328    
  0.6420885198E-03  0.6213706160    
  0.6443293110E-03  0.5882552730    
  0.6465701021E-03  0.5542408596    
  0.6488108933E-03  0.5698172610    
  0.6510516844E-03  0.5822795640    
  0.6532924756E-03  0.5741401284    
  0.6555332668E-03  0.5608834535    
  0.6577740579E-03  0.5489581044    
  0.6600148491E-03  0.5175502734    
  0.6622556402E-03  0.5818599891    
  0.6644964314E-03  0.5568914938    
  0.6667372225E-03  0.5425780536    
  0.6689780137E-03  0.5557557907    
  0.6712188048E-03  0.5438149206    
  0.6734595960E-03  0.5236692968    
  0.6757003871E-03  0.5604647214    
  0.6779411783E-03  0.5589866601    
  0.6801819695E-03  0.5393056047    
  0.6824227606E-03  0.5418701967    
  0.6846635518E-03  0.5676133592    
  0.6869043429E-03  0.5613106086    
  0.6891451341E-03  0.5316842505    
  0.6913859252E-03  0.5764434269    
  0.6936267164E-03  0.5811859996    
  0.6958675075E-03  0.5686901131    
  0.6981082987E-03  0.5611333278    
  0.7003490898E-03  0.5721563880    
  0.7025898810E-03  0.5979965092    
  0.7048306721E-03  0.5927435287    
  0.7070714633E-03  0.5833923929    
  0.7093122545E-03  0.6093558087    
  0.7115530456E-03  0.6077574807    
  0.7137938368E-03  0.5962982910    
  0.7160346279E-03  0.5800614931    
  0.7182754191E-03  0.6012030948    
  0.7205162102E-03  0.5575880172    
  0.7227570014E-03  0.5937953636    
  0.7249977925E-03  0.5816945201    
  0.7272385837E-03  0.5484115472    
  0.7294793748E-03  0.5989958050    
  0.7317201660E-03  0.6047560659    
  0.7339609572E-03  0.6021451605    
  0.7362017483E-03  0.5727449436    
  0.7384425395E-03  0.6008917125    
  0.7406833306E-03  0.6469235747    
  0.7429241218E-03  0.6754375015    
  0.7451649129E-03  0.6506276970    
  0.7474057041E-03  0.8645615543    
  0.7496464952E-03  0.9310003709    
  0.7518872864E-03  0.9686485139    
  0.7541280775E-03  0.9572464343    
  0.7563688687E-03  0.9989658915    
  0.7586096599E-03   1.003956908    
  0.7608504510E-03   1.019477239    
  0.7630912422E-03   1.000523667    
  0.7653320333E-03   1.048408293    
  0.7675728245E-03   1.077393958    
  0.7698136156E-03   1.047397225    
  0.7720544068E-03   1.075574873    
  0.7742951979E-03   1.121467290    
  0.7765359891E-03   1.110479370    
  0.7787767802E-03   1.121887236    
  0.7810175714E-03   1.210937325    
  0.7832583625E-03   1.149757426    
  0.7854991537E-03   1.132914886    
  0.7877399449E-03   1.223075510    
  0.7899807360E-03   1.204089284    
  0.7922215272E-03   1.231193045    
  0.7944623183E-03   1.231748656    
  0.7967031095E-03   1.311057333    
  0.7989439006E-03   1.314991620    
  0.8011846918E-03   1.325615724    
  0.8034254829E-03   1.393336807    
  0.8056662741E-03   1.481604994    
  0.8079070652E-03   1.563460476    
  0.8101478564E-03   1.667131379    
  0.8123886476E-03   1.642564510    
  0.8146294387E-03   1.909488737    
  0.8168702299E-03   1.983423734    
  0.8191110210E-03   2.126350038    
  0.8213518122E-03   2.333695490    
  0.8235926033E-03   2.256911634    
  0.8258333945E-03   1.803963324    
  0.8280741856E-03   1.621055371    
  0.8303149768E-03   1.330637324    
  0.8325557679E-03   1.113101995    
  0.8347965591E-03   1.000476307    
  0.8370373502E-03  0.8778745052    
  0.8392781414E-03  0.9003998784    
  0.8415189326E-03  0.7097209827    
  0.8437597237E-03  0.7454484000    
  0.8460005149E-03  0.6303191462    
  0.8482413060E-03  0.5697167618    
  0.8504820972E-03  0.6000459170    
  0.8527228883E-03  0.5282106315    
  0.8549636795E-03  0.4883500825    
  0.8572044706E-03  0.5258760224    
  0.8594452618E-03  0.4579710764    
  0.8616860529E-03  0.4495662958    
  0.8639268441E-03  0.4638146777    
  0.8661676353E-03  0.3917358673    
  0.8684084264E-03  0.3667990783    
  0.8706492176E-03  0.3485805948    
  0.8728900087E-03  0.3155256052    
  0.8751307999E-03  0.2857037427    
  0.8773715910E-03  0.2739128975    
  0.8796123822E-03  0.2516344906    
  0.8818531733E-03  0.2474377525    
  0.8840939645E-03  0.2006569099    
  0.8863347556E-03  0.1979417896    
  0.8885755468E-03  0.1711391019    
  0.8908163380E-03  0.1642481898    
  0.8930571291E-03  0.1393494124    
  0.8952979203E-03  0.1169059934    
  0.8975387114E-03  0.8572100386E-01
  0.8997795026E-03  0.7082877854E-01
  0.9020202937E-03  0.7063894766E-01
  0.9042610849E-03  0.5760882801E-01
  0.9065018760E-03  0.5721086366E-01
  0.9087426672E-03  0.4920182940E-01
  0.9109834583E-03  0.4245931135E-01
  0.9132242495E-03  0.4662607888E-01
  0.9154650406E-03  0.3361285466E-01
  0.9177058318E-03  0.2929386262E-01
  0.9199466230E-03  0.2432554587E-01
  0.9221874141E-03  0.1906723076E-01
  0.9244282053E-03  0.1086856928E-01
  0.9266689964E-03  0.7201098698E-03
  0.9289097876E-03   0.000000000    
  0.9311505787E-03   0.000000000    
  0.9333913699E-03   0.000000000    
  0.9356321610E-03   0.000000000    
  0.9378729522E-03   0.000000000    
  0.9401137433E-03   0.000000000    
  0.9423545345E-03   0.000000000    
  0.9445953257E-03   0.000000000    
  0.9468361168E-03   0.000000000    
  0.9490769080E-03   0.000000000    
  0.9513176991E-03   0.000000000    
  0.9535584903E-03   0.000000000    
  0.9557992814E-03   0.000000000    
  0.9580400726E-03   0.000000000    
  0.9602808637E-03   0.000000000    
  0.9625216549E-03   0.000000000    
  0.9647624460E-03   0.000000000    
  0.9670032372E-03   0.000000000    
  0.9692440283E-03   0.000000000    
  0.9714848195E-03   0.000000000    
  0.9737256107E-03   0.000000000    
  0.9759664018E-03   0.000000000    
  0.9782071930E-03   0.000000000    
  0.9804479841E-03   0.000000000    
  0.9826887753E-03   0.000000000    
  0.9849295664E-03   0.000000000    
  0.9871703576E-03   0.000000000    
  0.9894111487E-03   0.000000000    
  0.9916519399E-03   0.000000000    
  0.9938927310E-03   0.000000000    
  0.9961335222E-03   0.000000000    
  0.9983743134E-03   0.000000000    
  0.1000615105E-02   0.000000000    
  0.1002855896E-02   0.000000000    
  0.1005096687E-02   0.000000000    
  0.1007337478E-02   0.000000000    
  0.1009578269E-02   0.000000000    
  0.1011819060E-02   0.000000000    
  0.1014059851E-02   0.000000000    
  0.1016300643E-02   0.000000000    
