   0.000000000      0.9259467579E-03
  0.1646374095E-01  0.9249509533E-03
  0.3292748189E-01  0.9219759566E-03
  0.4939122284E-01  0.9170589286E-03
  0.6585496379E-01  0.9102614975E-03
  0.8231870473E-01  0.9016692891E-03
  0.9878244568E-01  0.8913912508E-03
  0.1152461866      0.8795587455E-03
  0.1317099276      0.8663243888E-03
  0.1481736685      0.8518605904E-03
  0.1646374095      0.8363577517E-03
  0.1811011504      0.8200220644E-03
  0.1975648914      0.8030728436E-03
  0.2140286323      0.7857393297E-03
  0.2304923732      0.7682568945E-03
  0.2469561142      0.7508626062E-03
  0.2634198551      0.7337901435E-03
  0.2798835961      0.7172641029E-03
  0.2963473370      0.7014938294E-03
  0.3128110780      0.6866669989E-03
  0.3292748189      0.6729432980E-03
  0.3457385599      0.6604486467E-03
  0.3622023008      0.6492704814E-03
  0.3786660418      0.6394546151E-03
  0.3951297827      0.6310041164E-03
  0.4115935237      0.6238804793E-03
  0.4280572646      0.6180071257E-03
  0.4445210056      0.6132750327E-03
  0.4609847465      0.6095500484E-03
  0.4774484874      0.6066813120E-03
  0.4939122284      0.6045101376E-03
  0.5103759693      0.6028787568E-03
  0.5268397103      0.6016384207E-03
  0.5433034512      0.6006565019E-03
  0.5597671922      0.5998223745E-03
  0.5762309331      0.5990519676E-03
  0.5926946741      0.5982909674E-03
  0.6091584150      0.5975166873E-03
  0.6256221560      0.5967386372E-03
  0.6420858969      0.5959978161E-03
  0.6585496379      0.5953647360E-03
  0.6750133788      0.5949361751E-03
  0.6914771197      0.5948306634E-03
  0.7079408607      0.5951827373E-03
  0.7244046016      0.5961360675E-03
  0.7408683426      0.5978356634E-03
  0.7573320835      0.6004194826E-03
  0.7737958245      0.6040099001E-03
  0.7902595654      0.6087055956E-03
  0.8067233064      0.6145744574E-03
  0.8231870473      0.6216480641E-03
  0.8396507883      0.6299181747E-03
  0.8561145292      0.6393354543E-03
  0.8725782702      0.6498104247E-03
  0.8725782702      0.6498104247E-03
  0.8887371270      0.6442272584E-03
  0.9048959839      0.6382284667E-03
  0.9210548407      0.6318030005E-03
  0.9372136976      0.6249465061E-03
  0.9533725544      0.6176611745E-03
  0.9695314113      0.6099554690E-03
  0.9856902681      0.6018437352E-03
   1.001849125      0.5933457023E-03
   1.018007982      0.5844858823E-03
   1.034166839      0.5752928757E-03
   1.050325696      0.5657985938E-03
   1.066484552      0.5560374077E-03
   1.082643409      0.5460452382E-03
   1.098802266      0.5358586018E-03
   1.114961123      0.5255136302E-03
   1.131119980      0.5150450836E-03
   1.147278837      0.5044853826E-03
   1.163437694      0.4938636817E-03
   1.179596550      0.4832050141E-03
   1.195755407      0.4725295335E-03
   1.211914264      0.4618518826E-03
   1.228073121      0.4511807110E-03
   1.244231978      0.4405183665E-03
   1.260390835      0.4298607744E-03
   1.276549692      0.4191975154E-03
   1.292708548      0.4085121017E-03
   1.308867405      0.3977824460E-03
   1.325026262      0.3869815065E-03
   1.341185119      0.3760780848E-03
   1.357343976      0.3650377474E-03
   1.373502833      0.3538238357E-03
   1.389661690      0.3423985299E-03
   1.405820546      0.3307239282E-03
   1.421979403      0.3187631078E-03
   1.438138260      0.3064811359E-03
   1.454297117      0.2938460036E-03
   1.470455974      0.2808294631E-03
   1.486614831      0.2674077487E-03
   1.502773687      0.2535621756E-03
   1.518932544      0.2392796077E-03
   1.535091401      0.2245527938E-03
   1.551250258      0.2093805756E-03
   1.567409115      0.1937679716E-03
   1.583567972      0.1777261432E-03
   1.599726829      0.1612722536E-03
   1.615885685      0.1444292259E-03
   1.632044542      0.1272254130E-03
   1.648203399      0.1096941873E-03
   1.664362256      0.9187346069E-04
   1.680521113      0.7380514429E-04
   1.696679970      0.5553455797E-04
   1.712838827      0.3710979753E-04
   1.728997683      0.1858106929E-04
   1.745156540     -0.2317111899E-10
   1.745156540     -0.2317111899E-10
   1.761407614      0.9198012063E-05
   1.777658689      0.1842887948E-04
   1.793909763      0.2772343784E-04
   1.810160837      0.3710873598E-04
   1.826411911      0.4660674422E-04
   1.842662985      0.5623370514E-04
   1.858914059      0.6600022476E-04
   1.875165134      0.7591212802E-04
   1.891416208      0.8597203366E-04
   1.907667282      0.9618154395E-04
   1.923918356      0.1065438962E-03
   1.940169430      0.1170668839E-03
   1.956420504      0.1277658247E-03
   1.972671579      0.1386663253E-03
   1.988922653      0.1498065790E-03
   2.005173727      0.1612389242E-03
   2.021424801      0.1730304075E-03
   2.037675875      0.1852621412E-03
   2.053926949      0.1980273226E-03
   2.070178024      0.2114279028E-03
   2.086429098      0.2255700366E-03
   2.102680172      0.2405586030E-03
   2.118931246      0.2564912159E-03
   2.135182320      0.2734522258E-03
   2.151433394      0.2915072227E-03
   2.167684469      0.3106984758E-03
   2.183935543      0.3310416203E-03
   2.200186617      0.3525237413E-03
   2.216437691      0.3751028484E-03
   2.232688765      0.3987086199E-03
   2.248939839      0.4232442126E-03
   2.265190914      0.4485889084E-03
   2.281441988      0.4746013679E-03
   2.297693062      0.5011232887E-03
   2.313944136      0.5279833029E-03
   2.330195210      0.5550009780E-03
   2.346446284      0.5819908207E-03
   2.362697359      0.6087662009E-03
   2.378948433      0.6351431328E-03
   2.395199507      0.6609438564E-03
   2.411450581      0.6860001685E-03
   2.427701655      0.7101564568E-03
   2.443952729      0.7332723886E-03
   2.460203804      0.7552252069E-03
   2.476454878      0.7759115898E-03
   2.492705952      0.7952490269E-03
   2.508957026      0.8075021645E-03
   2.525208100      0.8104583171E-03
   2.541459174      0.8156187700E-03
   2.557710249      0.8228216558E-03
   2.573961323      0.8317939016E-03
   2.590212397      0.8421708978E-03
   2.606463471      0.8535210219E-03
   2.622714545      0.8653720877E-03
   2.638965619      0.8772371987E-03
   2.655216694      0.8886382226E-03
   2.671467768      0.8991259029E-03
   2.687718842      0.9082962855E-03
   2.703969916      0.9158035928E-03
   2.720220990      0.9213699162E-03
   2.736472064      0.9247921749E-03
   2.752723139      0.9259467579E-03
   2.752723139      0.9259467579E-03
   2.769291910      0.9248546136E-03
   2.785860682      0.9215883822E-03
   2.802429453      0.9161786765E-03
   2.818998225      0.9086765402E-03
   2.835566996      0.8991534829E-03
   2.852135768      0.8877015261E-03
   2.868704539      0.8744332582E-03
   2.885273311      0.8594818911E-03
   2.901842082      0.8430013040E-03
   2.918410854      0.8251660512E-03
   2.934979625      0.8061712940E-03
   2.951548397      0.7862325955E-03
   2.968117168      0.7655854870E-03
   2.984685940      0.7444846744E-03
   3.001254711      0.7232027039E-03
   3.017823483      0.7020278506E-03
   3.034392254      0.6812609385E-03
   3.050961026      0.6612107612E-03
   3.067529797      0.6421877745E-03
   3.084098568      0.6244958096E-03
   3.100667340      0.6084217412E-03
   3.117236111      0.5942233738E-03
   3.133804883      0.5821162515E-03
   3.150373654      0.5722605999E-03
   3.166942426      0.5647500067E-03
   3.183511197      0.5596035753E-03
   3.200079969      0.5567629949E-03
   3.216648740      0.5560952631E-03
   3.233217512      0.5574008363E-03
   3.249786283      0.5604260684E-03
   3.266355055      0.5648782028E-03
   3.282923826      0.5704410447E-03
   3.299492598      0.5767897186E-03
   3.316061369      0.5836034340E-03
   3.332630141      0.5905757478E-03
   3.349198912      0.5974222803E-03
   3.365767684      0.6038861531E-03
   3.382336455      0.6097415673E-03
   3.398905227      0.6147959794E-03
   3.415473998      0.6188912923E-03
   3.432042770      0.6219044102E-03
   3.448611541      0.6237474232E-03
   3.465180313      0.6243676157E-03
   3.465180313      0.6243676157E-03
   3.481973089      0.6241895097E-03
   3.498765866      0.6236628461E-03
   3.515558643      0.6228100995E-03
   3.532351419      0.6216671316E-03
   3.549144196      0.6202809216E-03
   3.565936973      0.6187066323E-03
   3.582729749      0.6170042442E-03
   3.599522526      0.6152350408E-03
   3.616315303      0.6134582565E-03
   3.633108079      0.6117282059E-03
   3.649900856      0.6100921893E-03
   3.666693632      0.6085894127E-03
   3.683486409      0.6072510746E-03
   3.700279186      0.6061016599E-03
   3.717071962      0.6051613567E-03
   3.733864739      0.6044493870E-03
   3.750657516      0.6039879287E-03
   3.767450292      0.6038062149E-03
   3.784243069      0.6039443379E-03
   3.801035846      0.6044562621E-03
   3.817828622      0.6054115639E-03
   3.834621399      0.6068954789E-03
   3.851414176      0.6090069423E-03
   3.868206952      0.6118544685E-03
   3.884999729      0.6155499242E-03
   3.901792505      0.6202005004E-03
   3.918585282      0.6258994446E-03
   3.935378059      0.6327163515E-03
   3.952170835      0.6406879594E-03
   3.968963612      0.6498104247E-03
   3.968963612      0.6498104247E-03
   3.985214686      0.6409644108E-03
   4.001465760      0.6331956201E-03
   4.017716834      0.6265094209E-03
   4.033967909      0.6208751923E-03
   4.050218983      0.6162327551E-03
   4.066470057      0.6125000942E-03
   4.082721131      0.6095816000E-03
   4.098972205      0.6073760644E-03
   4.115223279      0.6057837700E-03
   4.131474354      0.6047121811E-03
   4.147725428      0.6040799457E-03
   4.163976502      0.6038191130E-03
   4.180227576      0.6038756437E-03
   4.196478650      0.6042084237E-03
   4.212729724      0.6047870905E-03
   4.228980799      0.6055890390E-03
   4.245231873      0.6065960019E-03
   4.261482947      0.6077905931E-03
   4.277734021      0.6091531695E-03
   4.293985095      0.6106593103E-03
   4.310236169      0.6122781328E-03
   4.326487244      0.6139715710E-03
   4.342738318      0.6156946475E-03
   4.358989392      0.6173966735E-03
   4.375240466      0.6190232330E-03
   4.391491540      0.6205187456E-03
   4.407742614      0.6218293673E-03
   4.423993689      0.6229059733E-03
   4.440244763      0.6237069786E-03
   4.456495837      0.6242007769E-03
   4.472746911      0.6243676157E-03
   4.472746911      0.6243676157E-03
   4.489315683      0.6238596694E-03
   4.505884454      0.6223401891E-03
   4.522453226      0.6198221254E-03
   4.539021997      0.6163266492E-03
   4.555590769      0.6118825409E-03
   4.572159540      0.6065253545E-03
   4.588728312      0.6002963775E-03
   4.605297083      0.5932414104E-03
   4.621865855      0.5854094009E-03
   4.638434626      0.5695946380E-03
   4.655003398      0.5435549245E-03
   4.671572169      0.5165478542E-03
   4.688140941      0.4889472647E-03
   4.704709712      0.4611419971E-03
   4.721278484      0.4335303092E-03
   4.737847255      0.4065126460E-03
   4.754416027      0.3804820654E-03
   4.770984798      0.3558115185E-03
   4.787553570      0.3328372952E-03
   4.804122341      0.3118384978E-03
   4.820691112      0.2930136057E-03
   4.837259884      0.2764570474E-03
   4.853828655      0.2621406692E-03
   4.870397427      0.2499059640E-03
   4.886966198      0.2394716298E-03
   4.903534970      0.2304572313E-03
   4.920103741      0.2224189244E-03
   4.936672513      0.2148898562E-03
   4.953241284      0.2074175857E-03
   4.969810056      0.1995932822E-03
   4.986378827      0.1910708077E-03
   5.002947599      0.1815764570E-03
   5.019516370      0.1709114876E-03
   5.036085142      0.1589498006E-03
   5.052653913      0.1456327520E-03
   5.069222685      0.1244129307E-03
   5.085791456      0.1017119139E-03
   5.102360228      0.8093909786E-04
   5.118928999      0.6203069510E-04
   5.135497771      0.4481832522E-04
   5.152066542      0.2901982177E-04
   5.168635314      0.1424182869E-04
   5.185204085     -0.2317111899E-10
   5.185204085     -0.2317111899E-10
   5.201441086      0.9123034604E-05
   5.217678086      0.1852509110E-04
   5.233915086      0.2846364061E-04
   5.250152087      0.3915738066E-04
   5.266389087      0.5077585153E-04
   5.282626087      0.6343598326E-04
   5.298863088      0.7720394861E-04
   5.315100088      0.9210016021E-04
   5.331337088      0.1081055781E-03
   5.347574088      0.1251681448E-03
   5.363811089      0.1432087600E-03
   5.380048089      0.1621266104E-03
   5.396285089      0.1818038865E-03
   5.412522090      0.1998989685E-03
   5.428759090      0.2121431711E-03
   5.444996090      0.2241714897E-03
   5.461233091      0.2360279462E-03
   5.477470091      0.2477630359E-03
   5.493707091      0.2594325249E-03
   5.509944092      0.2710959881E-03
   5.526181092      0.2828151200E-03
   5.542418092      0.2946518677E-03
   5.558655093      0.3066664541E-03
   5.574892093      0.3189153724E-03
   5.591129093      0.3314494412E-03
   5.607366093      0.3443120103E-03
   5.623603094      0.3575374017E-03
   5.639840094      0.3711496539E-03
   5.656077094      0.3851616185E-03
   5.672314095      0.3995744346E-03
   5.688551095      0.4143773814E-03
   5.704788095      0.4295480886E-03
   5.721025096      0.4450530677E-03
   5.737262096      0.4608485132E-03
   5.753499096      0.4768813212E-03
   5.769736097      0.4930902672E-03
   5.785973097      0.5094072933E-03
   5.802210097      0.5257588566E-03
   5.818447098      0.5420673024E-03
   5.834684098      0.5582522286E-03
   5.850921098      0.5742318205E-03
   5.867158099      0.5899241370E-03
   5.883395099      0.6052483366E-03
   5.899632099      0.6134854778E-03
   5.915869099      0.6158582864E-03
   5.932106100      0.6176969777E-03
   5.948343100      0.6190286709E-03
   5.964580100      0.6198778229E-03
   5.980817101      0.6202667327E-03
   5.997054101      0.6202168615E-03
   6.013291101      0.6197512355E-03
   6.029528102      0.6188980859E-03
   6.045765102      0.6176955744E-03
   6.062002102      0.6161969197E-03
   6.078239103      0.6144745991E-03
   6.094476103      0.6126218864E-03
   6.110713103      0.6107502284E-03
   6.126950104      0.6089820390E-03
   6.143187104      0.6074399988E-03
   6.159424104      0.6062351086E-03
   6.175661104      0.6054559724E-03
   6.191898105      0.6051611162E-03
   6.208135105      0.6053751107E-03
   6.224372105      0.6060883529E-03
   6.240609106      0.6072598211E-03
   6.256846106      0.6088219246E-03
   6.273083106      0.6106865953E-03
   6.289320107      0.6127519023E-03
   6.305557107      0.6149086367E-03
   6.321794107      0.6170464750E-03
   6.338031108      0.6190594677E-03
   6.354268108      0.6208507161E-03
   6.370505108      0.6223361885E-03
   6.386742109      0.6234476916E-03
   6.402979109      0.6241350561E-03
   6.419216109      0.6243676157E-03
     
   0.000000000      0.9259467579E-03
  0.1646374095E-01  0.9257115512E-03
  0.3292748189E-01  0.9250059608E-03
  0.4939122284E-01  0.9238301101E-03
  0.6585496379E-01  0.9221843156E-03
  0.8231870473E-01  0.9200692503E-03
  0.9878244568E-01  0.9174861640E-03
  0.1152461866      0.9144371546E-03
  0.1317099276      0.9109254813E-03
  0.1481736685      0.9069559087E-03
  0.1646374095      0.9025350709E-03
  0.1811011504      0.8976718422E-03
  0.1975648914      0.8923777022E-03
  0.2140286323      0.8866670804E-03
  0.2304923732      0.8805576668E-03
  0.2469561142      0.8740706743E-03
  0.2634198551      0.8672310398E-03
  0.2798835961      0.8600675489E-03
  0.2963473370      0.8526128747E-03
  0.3128110780      0.8449035163E-03
  0.3292748189      0.8369796289E-03
  0.3457385599      0.8288847365E-03
  0.3622023008      0.8206653210E-03
  0.3786660418      0.8123702864E-03
  0.3951297827      0.8040502966E-03
  0.4115935237      0.7957569927E-03
  0.4280572646      0.7875421004E-03
  0.4445210056      0.7794564413E-03
  0.4609847465      0.7715488711E-03
  0.4774484874      0.7638651714E-03
  0.4939122284      0.7564469291E-03
  0.5103759693      0.7493304408E-03
  0.5268397103      0.7425456858E-03
  0.5433034512      0.7361154096E-03
  0.5597671922      0.7300543614E-03
  0.5762309331      0.7243687241E-03
  0.5926946741      0.7190557681E-03
  0.6091584150      0.7141037531E-03
  0.6256221560      0.7094920873E-03
  0.6420858969      0.7051917450E-03
  0.6585496379      0.7011659276E-03
  0.6750133788      0.6973709435E-03
  0.6914771197      0.6937572725E-03
  0.7079408607      0.6902707737E-03
  0.7244046016      0.6868539893E-03
  0.7408683426      0.6834475011E-03
  0.7573320835      0.6799912919E-03
  0.7737958245      0.6764260724E-03
  0.7902595654      0.6726945384E-03
  0.8067233064      0.6687425274E-03
  0.8231870473      0.6645200543E-03
  0.8396507883      0.6599822066E-03
  0.8561145292      0.6550898912E-03
  0.8725782702      0.6498104247E-03
  0.8725782702      0.6498104247E-03
  0.8887371270      0.6442272584E-03
  0.9048959839      0.6382284667E-03
  0.9210548407      0.6318030005E-03
  0.9372136976      0.6249465061E-03
  0.9533725544      0.6176611745E-03
  0.9695314113      0.6099554690E-03
  0.9856902681      0.6018437352E-03
   1.001849125      0.5933457023E-03
   1.018007982      0.5844858823E-03
   1.034166839      0.5752928757E-03
   1.050325696      0.5657985938E-03
   1.066484552      0.5560374077E-03
   1.082643409      0.5460452382E-03
   1.098802266      0.5358586018E-03
   1.114961123      0.5255136302E-03
   1.131119980      0.5150450836E-03
   1.147278837      0.5044853826E-03
   1.163437694      0.4938636817E-03
   1.179596550      0.4832050141E-03
   1.195755407      0.4725295335E-03
   1.211914264      0.4618518826E-03
   1.228073121      0.4511807110E-03
   1.244231978      0.4405183665E-03
   1.260390835      0.4298607744E-03
   1.276549692      0.4191975154E-03
   1.292708548      0.4085121017E-03
   1.308867405      0.3977824460E-03
   1.325026262      0.3869815065E-03
   1.341185119      0.3760780848E-03
   1.357343976      0.3650377474E-03
   1.373502833      0.3538238357E-03
   1.389661690      0.3423985299E-03
   1.405820546      0.3307239282E-03
   1.421979403      0.3187631078E-03
   1.438138260      0.3064811359E-03
   1.454297117      0.2938460036E-03
   1.470455974      0.2808294631E-03
   1.486614831      0.2674077487E-03
   1.502773687      0.2535621756E-03
   1.518932544      0.2392796077E-03
   1.535091401      0.2245527938E-03
   1.551250258      0.2093805756E-03
   1.567409115      0.1937679716E-03
   1.583567972      0.1777261432E-03
   1.599726829      0.1612722536E-03
   1.615885685      0.1444292259E-03
   1.632044542      0.1272254130E-03
   1.648203399      0.1096941873E-03
   1.664362256      0.9187346069E-04
   1.680521113      0.7380514429E-04
   1.696679970      0.5553455797E-04
   1.712838827      0.3710979753E-04
   1.728997683      0.1858106929E-04
   1.745156540     -0.2317111899E-10
   1.745156540     -0.2317111899E-10
   1.761407614      0.9198012063E-05
   1.777658689      0.1842887948E-04
   1.793909763      0.2772343784E-04
   1.810160837      0.3710873598E-04
   1.826411911      0.4660674422E-04
   1.842662985      0.5623370514E-04
   1.858914059      0.6600022476E-04
   1.875165134      0.7591212802E-04
   1.891416208      0.8597203366E-04
   1.907667282      0.9618154395E-04
   1.923918356      0.1065438962E-03
   1.940169430      0.1170668839E-03
   1.956420504      0.1277658247E-03
   1.972671579      0.1386663253E-03
   1.988922653      0.1498065790E-03
   2.005173727      0.1612389242E-03
   2.021424801      0.1730304075E-03
   2.037675875      0.1852621412E-03
   2.053926949      0.1980273226E-03
   2.070178024      0.2114279028E-03
   2.086429098      0.2255700366E-03
   2.102680172      0.2405586030E-03
   2.118931246      0.2564912159E-03
   2.135182320      0.2734522258E-03
   2.151433394      0.2915072227E-03
   2.167684469      0.3106984758E-03
   2.183935543      0.3310416203E-03
   2.200186617      0.3525237413E-03
   2.216437691      0.3751028484E-03
   2.232688765      0.3987086199E-03
   2.248939839      0.4232442126E-03
   2.265190914      0.4485889084E-03
   2.281441988      0.4746013679E-03
   2.297693062      0.5011232887E-03
   2.313944136      0.5279833029E-03
   2.330195210      0.5550009780E-03
   2.346446284      0.5819908207E-03
   2.362697359      0.6087662009E-03
   2.378948433      0.6351431328E-03
   2.395199507      0.6609438564E-03
   2.411450581      0.6860001685E-03
   2.427701655      0.7101564568E-03
   2.443952729      0.7332723886E-03
   2.460203804      0.7552252069E-03
   2.476454878      0.7759115898E-03
   2.492705952      0.7952490269E-03
   2.508957026      0.8131766733E-03
   2.525208100      0.8296556457E-03
   2.541459174      0.8446687332E-03
   2.557710249      0.8582195065E-03
   2.573961323      0.8703308247E-03
   2.590212397      0.8810427529E-03
   2.606463471      0.8904099306E-03
   2.622714545      0.8984984498E-03
   2.638965619      0.9053823300E-03
   2.655216694      0.9111397058E-03
   2.671467768      0.9158488656E-03
   2.687718842      0.9195843015E-03
   2.703969916      0.9224129475E-03
   2.720220990      0.9243907846E-03
   2.736472064      0.9255599865E-03
   2.752723139      0.9259467579E-03
   2.752723139      0.9259467579E-03
   2.769291910      0.9256021404E-03
   2.785860682      0.9245708409E-03
   2.802429453      0.9228604975E-03
   2.818998225      0.9204837707E-03
   2.835566996      0.9174582389E-03
   2.852135768      0.9138062517E-03
   2.868704539      0.9095547425E-03
   2.885273311      0.9047349993E-03
   2.901842082      0.8993823946E-03
   2.918410854      0.8935360751E-03
   2.934979625      0.8872386133E-03
   2.951548397      0.8805356194E-03
   2.968117168      0.8734753191E-03
   2.984685940      0.8661080972E-03
   3.001254711      0.8584860111E-03
   3.017823483      0.8506622792E-03
   3.034392254      0.8426907479E-03
   3.050961026      0.8346253446E-03
   3.067529797      0.8265195243E-03
   3.084098568      0.8184257171E-03
   3.100667340      0.8103947883E-03
   3.117236111      0.8024755204E-03
   3.133804883      0.7947141286E-03
   3.150373654      0.7871538227E-03
   3.166942426      0.7798344261E-03
   3.183511197      0.7727920630E-03
   3.200079969      0.7660589252E-03
   3.216648740      0.7596631247E-03
   3.233217512      0.7536286393E-03
   3.249786283      0.7479753528E-03
   3.266355055      0.7427191901E-03
   3.282923826      0.7378723428E-03
   3.299492598      0.7334435763E-03
   3.316061369      0.7294386087E-03
   3.332630141      0.7258605457E-03
   3.349198912      0.7227103561E-03
   3.365767684      0.7199873673E-03
   3.382336455      0.7176897632E-03
   3.398905227      0.7158150638E-03
   3.415473998      0.7143605675E-03
   3.432042770      0.7133237396E-03
   3.448611541      0.7127025308E-03
   3.465180313      0.7124956141E-03
   3.465180313      0.7124956141E-03
   3.481973089      0.7121887267E-03
   3.498765866      0.7112680027E-03
   3.515558643      0.7097338119E-03
   3.532351419      0.7075885728E-03
   3.549144196      0.7048392827E-03
   3.565936973      0.7015007288E-03
   3.582729749      0.6975990717E-03
   3.599522526      0.6931754417E-03
   3.616315303      0.6882891481E-03
   3.633108079      0.6830200894E-03
   3.649900856      0.6774699541E-03
   3.666693632      0.6717618333E-03
   3.683486409      0.6660379285E-03
   3.700279186      0.6604551390E-03
   3.717071962      0.6551784733E-03
   3.733864739      0.6503724346E-03
   3.750657516      0.6461907993E-03
   3.767450292      0.6427654896E-03
   3.784243069      0.6401955074E-03
   3.801035846      0.6385370718E-03
   3.817828622      0.6377961243E-03
   3.834621399      0.6379241984E-03
   3.851414176      0.6388182971E-03
   3.868206952      0.6403249502E-03
   3.884999729      0.6422481303E-03
   3.901792505      0.6443603062E-03
   3.918585282      0.6464156627E-03
   3.935378059      0.6481644556E-03
   3.952170835      0.6493675567E-03
   3.968963612      0.6498104247E-03
   3.968963612      0.6498104247E-03
   3.985214686      0.6493947722E-03
   4.001465760      0.6482609959E-03
   4.017716834      0.6466022463E-03
   4.033967909      0.6446340105E-03
   4.050218983      0.6425823095E-03
   4.066470057      0.6406713707E-03
   4.082721131      0.6391113625E-03
   4.098972205      0.6380869276E-03
   4.115223279      0.6377473324E-03
   4.131474354      0.6381990275E-03
   4.147725428      0.6395012569E-03
   4.163976502      0.6416650711E-03
   4.180227576      0.6446557288E-03
   4.196478650      0.6483980947E-03
   4.212729724      0.6527843276E-03
   4.228980799      0.6576829660E-03
   4.245231873      0.6629484739E-03
   4.261482947      0.6684304001E-03
   4.277734021      0.6739814822E-03
   4.293985095      0.6794642419E-03
   4.310236169      0.6847558382E-03
   4.326487244      0.6897511291E-03
   4.342738318      0.6943640418E-03
   4.358989392      0.6985274525E-03
   4.375240466      0.7021918478E-03
   4.391491540      0.7053230781E-03
   4.407742614      0.7078995308E-03
   4.423993689      0.7099090517E-03
   4.440244763      0.7113459268E-03
   4.456495837      0.7122082071E-03
   4.472746911      0.7124956141E-03
   4.472746911      0.7124956141E-03
   4.489315683      0.7109062777E-03
   4.505884454      0.7061582648E-03
   4.522453226      0.6983113846E-03
   4.539021997      0.6874647225E-03
   4.555590769      0.6737557550E-03
   4.572159540      0.6573591261E-03
   4.588728312      0.6384851028E-03
   4.605297083      0.6173777205E-03
   4.621865855      0.5943126296E-03
   4.638434626      0.5768509693E-03
   4.655003398      0.5676168716E-03
   4.671572169      0.5577564497E-03
   4.688140941      0.5473161251E-03
   4.704709712      0.5363379911E-03
   4.721278484      0.5248585647E-03
   4.737847255      0.5129077497E-03
   4.754416027      0.5005080634E-03
   4.770984798      0.4876741655E-03
   4.787553570      0.4744127177E-03
   4.804122341      0.4607225858E-03
   4.820691112      0.4465953828E-03
   4.837259884      0.4320163302E-03
   4.853828655      0.4169654023E-03
   4.870397427      0.4014187033E-03
   4.886966198      0.3853500145E-03
   4.903534970      0.3687324465E-03
   4.920103741      0.3515401245E-03
   4.936672513      0.3337498395E-03
   4.953241284      0.3153426021E-03
   4.969810056      0.2952570117E-03
   4.986378827      0.2636414441E-03
   5.002947599      0.2329570300E-03
   5.019516370      0.2034702430E-03
   5.036085142      0.1754215440E-03
   5.052653913      0.1490161125E-03
   5.069222685      0.1309624987E-03
   5.085791456      0.1149947596E-03
   5.102360228      0.9783148432E-04
   5.118928999      0.7961366541E-04
   5.135497771      0.6051438089E-04
   5.152066542      0.4073207219E-04
   5.168635314      0.2048402431E-04
   5.185204085     -0.2317111899E-10
   5.185204085     -0.2317111899E-10
   5.201441086      0.1552157142E-04
   5.217678086      0.3099553657E-04
   5.233915086      0.4637531338E-04
   5.250152087      0.6161635823E-04
   5.266389087      0.7667715968E-04
   5.282626087      0.9152020040E-04
   5.298863088      0.1061128746E-03
   5.315100088      0.1204283465E-03
   5.331337088      0.1344463334E-03
   5.347574088      0.1481537945E-03
   5.363811089      0.1615455031E-03
   5.380048089      0.1746244800E-03
   5.396285089      0.1874022605E-03
   5.412522090      0.2021100055E-03
   5.428759090      0.2229054695E-03
   5.444996090      0.2440454634E-03
   5.461233091      0.2653832491E-03
   5.477470091      0.2867733685E-03
   5.493707091      0.3080746220E-03
   5.509944092      0.3291527588E-03
   5.526181092      0.3498827946E-03
   5.542418092      0.3701508780E-03
   5.558655093      0.3898556437E-03
   5.574892093      0.4089090260E-03
   5.591129093      0.4272365481E-03
   5.607366093      0.4447771419E-03
   5.623603094      0.4614825835E-03
   5.639840094      0.4773166490E-03
   5.656077094      0.4922540928E-03
   5.672314095      0.5062795452E-03
   5.688551095      0.5193864021E-03
   5.704788095      0.5315757611E-03
   5.721025096      0.5428554342E-03
   5.737262096      0.5532390498E-03
   5.753499096      0.5627452413E-03
   5.769736097      0.5713969099E-03
   5.785973097      0.5792205449E-03
   5.802210097      0.5862455813E-03
   5.818447098      0.5925037732E-03
   5.834684098      0.5980285677E-03
   5.850921098      0.6028544640E-03
   5.867158099      0.6070163499E-03
   5.883395099      0.6105488185E-03
   5.899632099      0.6201258361E-03
   5.915869099      0.6344813954E-03
   5.932106100      0.6482441272E-03
   5.948343100      0.6613484284E-03
   5.964580100      0.6737348318E-03
   5.980817101      0.6853507775E-03
   5.997054101      0.6961513020E-03
   6.013291101      0.7060996423E-03
   6.029528102      0.7151677530E-03
   6.045765102      0.7233367317E-03
   6.062002102      0.7305971483E-03
   6.078239103      0.7366516267E-03
   6.094476103      0.7308728630E-03
   6.110713103      0.7259058558E-03
   6.126950104      0.7217454676E-03
   6.143187104      0.7183534902E-03
   6.159424104      0.7156681051E-03
   6.175661104      0.7136134670E-03
   6.191898105      0.7121077753E-03
   6.208135105      0.7110691141E-03
   6.224372105      0.7104191121E-03
   6.240609106      0.7100848868E-03
   6.256846106      0.7099998330E-03
   6.273083106      0.7101037425E-03
   6.289320107      0.7103426026E-03
   6.305557107      0.7106682954E-03
   6.321794107      0.7110383261E-03
   6.338031108      0.7114156424E-03
   6.354268108      0.7117685688E-03
   6.370505108      0.7120708509E-03
   6.386742109      0.7123017854E-03
   6.402979109      0.7124463970E-03
   6.419216109      0.7124956141E-03
     
   0.000000000      0.9259467579E-03
  0.1646374095E-01  0.9257115512E-03
  0.3292748189E-01  0.9250059608E-03
  0.4939122284E-01  0.9238301101E-03
  0.6585496379E-01  0.9221843156E-03
  0.8231870473E-01  0.9200692503E-03
  0.9878244568E-01  0.9174861640E-03
  0.1152461866      0.9144371546E-03
  0.1317099276      0.9109254813E-03
  0.1481736685      0.9069559087E-03
  0.1646374095      0.9025350709E-03
  0.1811011504      0.8976718422E-03
  0.1975648914      0.8923777022E-03
  0.2140286323      0.8866670804E-03
  0.2304923732      0.8805576668E-03
  0.2469561142      0.8740706743E-03
  0.2634198551      0.8672310398E-03
  0.2798835961      0.8600675489E-03
  0.2963473370      0.8526128747E-03
  0.3128110780      0.8449035163E-03
  0.3292748189      0.8369796289E-03
  0.3457385599      0.8288847365E-03
  0.3622023008      0.8206653210E-03
  0.3786660418      0.8123702864E-03
  0.3951297827      0.8040502966E-03
  0.4115935237      0.7957569927E-03
  0.4280572646      0.7875421004E-03
  0.4445210056      0.7794564413E-03
  0.4609847465      0.7715488711E-03
  0.4774484874      0.7638651714E-03
  0.4939122284      0.7564469291E-03
  0.5103759693      0.7493304408E-03
  0.5268397103      0.7425456858E-03
  0.5433034512      0.7361154096E-03
  0.5597671922      0.7300543614E-03
  0.5762309331      0.7243687241E-03
  0.5926946741      0.7190557681E-03
  0.6091584150      0.7141037531E-03
  0.6256221560      0.7094920873E-03
  0.6420858969      0.7051917450E-03
  0.6585496379      0.7011659276E-03
  0.6750133788      0.6973709435E-03
  0.6914771197      0.6937572725E-03
  0.7079408607      0.6902707737E-03
  0.7244046016      0.6868539893E-03
  0.7408683426      0.6834475011E-03
  0.7573320835      0.6799912919E-03
  0.7737958245      0.6764260724E-03
  0.7902595654      0.6726945384E-03
  0.8067233064      0.6687425274E-03
  0.8231870473      0.6645200543E-03
  0.8396507883      0.6599822066E-03
  0.8561145292      0.6550898912E-03
  0.8725782702      0.6498104247E-03
  0.8725782702      0.6498104247E-03
  0.8887371270      0.6609976333E-03
  0.9048959839      0.6729313513E-03
  0.9210548407      0.6854359128E-03
  0.9372136976      0.6983160436E-03
  0.9533725544      0.7113626086E-03
  0.9695314113      0.7243581672E-03
  0.9856902681      0.7370821165E-03
   1.001849125      0.7493152921E-03
   1.018007982      0.7608439694E-03
   1.034166839      0.7714632636E-03
   1.050325696      0.7809799630E-03
   1.066484552      0.7892148462E-03
   1.082643409      0.7960045435E-03
   1.098802266      0.8012030020E-03
   1.114961123      0.8046826061E-03
   1.131119980      0.8063350019E-03
   1.147278837      0.8060716610E-03
   1.163437694      0.8038242161E-03
   1.179596550      0.7995445921E-03
   1.195755407      0.7932049499E-03
   1.211914264      0.7847974592E-03
   1.228073121      0.7743339088E-03
   1.244231978      0.7618451660E-03
   1.260390835      0.7473804877E-03
   1.276549692      0.7310066935E-03
   1.292708548      0.7128072013E-03
   1.308867405      0.6928809325E-03
   1.325026262      0.6713410898E-03
   1.341185119      0.6483138104E-03
   1.357343976      0.6239366998E-03
   1.373502833      0.5983572478E-03
   1.389661690      0.5717311299E-03
   1.405820546      0.5442203971E-03
   1.421979403      0.5159915553E-03
   1.438138260      0.4872135360E-03
   1.454297117      0.4580555610E-03
   1.470455974      0.4286849000E-03
   1.486614831      0.3992645270E-03
   1.502773687      0.3699506773E-03
   1.518932544      0.3408903158E-03
   1.535091401      0.3122185299E-03
   1.551250258      0.2840558747E-03
   1.567409115      0.2565057079E-03
   1.583567972      0.2296515770E-03
   1.599726829      0.2035547437E-03
   1.615885685      0.1782519641E-03
   1.632044542      0.1537536740E-03
   1.648203399      0.1300427634E-03
   1.664362256      0.1070741409E-03
   1.680521113      0.8477529460E-04
   1.696679970      0.6304801939E-04
   1.712838827      0.4177141997E-04
   1.728997683      0.2080618531E-04
   1.745156540     -0.2317111899E-10
   1.745156540     -0.2317111899E-10
   1.761407614      0.3166175976E-04
   1.777658689      0.6332947093E-04
   1.793909763      0.9500962632E-04
   1.810160837      0.1267096461E-03
   1.826411911      0.1584379664E-03
   1.842662985      0.1902037150E-03
   1.858914059      0.2220158967E-03
   1.875165134      0.2538820552E-03
   1.891416208      0.2858064326E-03
   1.907667282      0.3177876941E-03
   1.923918356      0.3498163394E-03
   1.940169430      0.3818719543E-03
   1.956420504      0.4139204895E-03
   1.972671579      0.4459117604E-03
   1.988922653      0.4777773586E-03
   2.005173727      0.5094291504E-03
   2.021424801      0.5407585008E-03
   2.037675875      0.5716363281E-03
   2.053926949      0.6019140473E-03
   2.070178024      0.6314254179E-03
   2.086429098      0.6599892737E-03
   2.102680172      0.6874130751E-03
   2.118931246      0.7134972010E-03
   2.135182320      0.7380398743E-03
   2.151433394      0.7608426062E-03
   2.167684469      0.7817160330E-03
   2.183935543      0.8004860194E-03
   2.200186617      0.8169999005E-03
   2.216437691      0.8311327338E-03
   2.232688765      0.8427934324E-03
   2.248939839      0.8519306439E-03
   2.265190914      0.8585382293E-03
   2.281441988      0.8626601751E-03
   2.297693062      0.8643947408E-03
   2.313944136      0.8638975941E-03
   2.330195210      0.8613836255E-03
   2.346446284      0.8571270538E-03
   2.362697359      0.8514593445E-03
   2.378948433      0.8447643879E-03
   2.395199507      0.8374703388E-03
   2.411450581      0.8300375710E-03
   2.427701655      0.8229423906E-03
   2.443952729      0.8166565552E-03
   2.460203804      0.8116232811E-03
   2.476454878      0.8082312415E-03
   2.492705952      0.8067889039E-03
   2.508957026      0.8131766733E-03
   2.525208100      0.8296556457E-03
   2.541459174      0.8446687332E-03
   2.557710249      0.8582195065E-03
   2.573961323      0.8703308247E-03
   2.590212397      0.8810427529E-03
   2.606463471      0.8904099306E-03
   2.622714545      0.8984984498E-03
   2.638965619      0.9053823300E-03
   2.655216694      0.9111397058E-03
   2.671467768      0.9158488656E-03
   2.687718842      0.9195843015E-03
   2.703969916      0.9224129475E-03
   2.720220990      0.9243907846E-03
   2.736472064      0.9255599865E-03
   2.752723139      0.9259467579E-03
   2.752723139      0.9259467579E-03
   2.769291910      0.9256386197E-03
   2.785860682      0.9247166952E-03
   2.802429453      0.9231884321E-03
   2.818998225      0.9210661663E-03
   2.835566996      0.9183670081E-03
   2.852135768      0.9151126817E-03
   2.868704539      0.9113293193E-03
   2.885273311      0.9070472118E-03
   2.901842082      0.9023005136E-03
   2.918410854      0.8971269055E-03
   2.934979625      0.8915672161E-03
   2.951548397      0.8856650029E-03
   2.968117168      0.8794660976E-03
   2.984685940      0.8730181178E-03
   3.001254711      0.8663699497E-03
   3.017823483      0.8595712088E-03
   3.034392254      0.8526716833E-03
   3.050961026      0.8457207692E-03
   3.067529797      0.8387669069E-03
   3.084098568      0.8318570280E-03
   3.100667340      0.8250360251E-03
   3.117236111      0.8183462550E-03
   3.133804883      0.8118270896E-03
   3.150373654      0.8055145238E-03
   3.166942426      0.7994408551E-03
   3.183511197      0.7936344416E-03
   3.200079969      0.7881195502E-03
   3.216648740      0.7829162974E-03
   3.233217512      0.7780406885E-03
   3.249786283      0.7735047529E-03
   3.266355055      0.7693167727E-03
   3.282923826      0.7654815958E-03
   3.299492598      0.7620010254E-03
   3.316061369      0.7588742695E-03
   3.332630141      0.7560984366E-03
   3.349198912      0.7536690588E-03
   3.365767684      0.7515806247E-03
   3.382336455      0.7498271028E-03
   3.398905227      0.7484024372E-03
   3.415473998      0.7473009991E-03
   3.432042770      0.7465179785E-03
   3.448611541      0.7460497027E-03
   3.465180313      0.7458938717E-03
   3.465180313      0.7458938717E-03
   3.481973089      0.7462851274E-03
   3.498765866      0.7474385339E-03
   3.515558643      0.7492940895E-03
   3.532351419      0.7517552955E-03
   3.549144196      0.7546940774E-03
   3.565936973      0.7579570670E-03
   3.582729749      0.7613727516E-03
   3.599522526      0.7647589960E-03
   3.616315303      0.7679304894E-03
   3.633108079      0.7707057556E-03
   3.649900856      0.7729134676E-03
   3.666693632      0.7743979011E-03
   3.683486409      0.7750234529E-03
   3.700279186      0.7746782054E-03
   3.717071962      0.7732765727E-03
   3.733864739      0.7707610802E-03
   3.750657516      0.7671033491E-03
   3.767450292      0.7623043520E-03
   3.784243069      0.7563940051E-03
   3.801035846      0.7494301482E-03
   3.817828622      0.7414969574E-03
   3.834621399      0.7327028181E-03
   3.851414176      0.7231776826E-03
   3.868206952      0.7130699251E-03
   3.884999729      0.7025427089E-03
   3.901792505      0.6917698868E-03
   3.918585282      0.6809314688E-03
   3.935378059      0.6702087208E-03
   3.952170835      0.6597789927E-03
   3.968963612      0.6498104247E-03
   3.968963612      0.6498104247E-03
   3.985214686      0.6594493587E-03
   4.001465760      0.6695251332E-03
   4.017716834      0.6798858480E-03
   4.033967909      0.6903712249E-03
   4.050218983      0.7008171055E-03
   4.066470057      0.7110598606E-03
   4.082721131      0.7209405915E-03
   4.098972205      0.7303090380E-03
   4.115223279      0.7390271381E-03
   4.131474354      0.7469722105E-03
   4.147725428      0.7540397377E-03
   4.163976502      0.7601457421E-03
   4.180227576      0.7652287407E-03
   4.196478650      0.7692512652E-03
   4.212729724      0.7722009268E-03
   4.228980799      0.7740909932E-03
   4.245231873      0.7749604428E-03
   4.261482947      0.7748734456E-03
   4.277734021      0.7739182206E-03
   4.293985095      0.7722052122E-03
   4.310236169      0.7698645353E-03
   4.326487244      0.7670426512E-03
   4.342738318      0.7638982597E-03
   4.358989392      0.7605974344E-03
   4.375240466      0.7573080828E-03
   4.391491540      0.7541938791E-03
   4.407742614      0.7514078975E-03
   4.423993689      0.7490862500E-03
   4.440244763      0.7473420915E-03
   4.456495837      0.7462603937E-03
   4.472746911      0.7458938717E-03
   4.472746911      0.7458938717E-03
   4.489315683      0.7460149341E-03
   4.505884454      0.7463518746E-03
   4.522453226      0.7468273693E-03
   4.539021997      0.7473171368E-03
   4.555590769      0.7476563806E-03
   4.572159540      0.7476480022E-03
   4.588728312      0.7470719350E-03
   4.605297083      0.7456949506E-03
   4.621865855      0.7432803535E-03
   4.638434626      0.7395971030E-03
   4.655003398      0.7344280255E-03
   4.671572169      0.7275769176E-03
   4.688140941      0.7188744422E-03
   4.704709712      0.7081828065E-03
   4.721278484      0.6953992650E-03
   4.737847255      0.6804585255E-03
   4.754416027      0.6633341520E-03
   4.770984798      0.6440390612E-03
   4.787553570      0.6226252105E-03
   4.804122341      0.5991825640E-03
   4.820691112      0.5738374156E-03
   4.837259884      0.5467501430E-03
   4.853828655      0.5181124508E-03
   4.870397427      0.4881441605E-03
   4.886966198      0.4570895909E-03
   4.903534970      0.4252135668E-03
   4.920103741      0.3927970837E-03
   4.936672513      0.3601326403E-03
   4.953241284      0.3275192373E-03
   4.969810056      0.2963050450E-03
   4.986378827      0.2766306280E-03
   5.002947599      0.2563206135E-03
   5.019516370      0.2353847881E-03
   5.036085142      0.2138419187E-03
   5.052653913      0.1917199412E-03
   5.069222685      0.1690558852E-03
   5.085791456      0.1458955495E-03
   5.102360228      0.1222929451E-03
   5.118928999      0.9830952771E-04
   5.135497771      0.7401324672E-04
   5.152066542      0.4947743725E-04
   5.168635314      0.2477958579E-04
   5.185204085     -0.2317111899E-10
   5.185204085     -0.2317111899E-10
   5.201441086      0.2856652837E-04
   5.217678086      0.5711453021E-04
   5.233915086      0.8562558396E-04
   5.250152087      0.1140814707E-03
   5.266389087      0.1424642564E-03
   5.282626087      0.1707563497E-03
   5.298863088      0.1989405232E-03
   5.315100088      0.2269998858E-03
   5.331337088      0.2549177885E-03
   5.347574088      0.2826776466E-03
   5.363811089      0.3102626574E-03
   5.380048089      0.3376553948E-03
   5.396285089      0.3648372639E-03
   5.412522090      0.3917878074E-03
   5.428759090      0.4184838650E-03
   5.444996090      0.4448986085E-03
   5.461233091      0.4710004922E-03
   5.477470091      0.4967521860E-03
   5.493707091      0.5221095792E-03
   5.509944092      0.5470209595E-03
   5.526181092      0.5714264761E-03
   5.542418092      0.5952579832E-03
   5.558655093      0.6184393355E-03
   5.574892093      0.6408871645E-03
   5.591129093      0.6625121226E-03
   5.607366093      0.6832205367E-03
   5.623603094      0.7029163808E-03
   5.639840094      0.7215034595E-03
   5.656077094      0.7388876915E-03
   5.672314095      0.7549793911E-03
   5.688551095      0.7696954653E-03
   5.704788095      0.7829614661E-03
   5.721025096      0.7947134591E-03
   5.737262096      0.8048996889E-03
   5.753499096      0.8134820353E-03
   5.769736097      0.8204372640E-03
   5.785973097      0.8257580818E-03
   5.802210097      0.8294540083E-03
   5.818447098      0.8315520731E-03
   5.834684098      0.8320973474E-03
   5.850921098      0.8311533114E-03
   5.867158099      0.8288020509E-03
   5.883395099      0.8251442667E-03
   5.899632099      0.8202990610E-03
   5.915869099      0.8144034465E-03
   5.932106100      0.8076114875E-03
   5.948343100      0.8000929418E-03
   5.964580100      0.7920312156E-03
   5.980817101      0.7836203824E-03
   5.997054101      0.7750609684E-03
   6.013291101      0.7665542123E-03
   6.029528102      0.7582946365E-03
   6.045765102      0.7504611009E-03
   6.062002102      0.7432070836E-03
   6.078239103      0.7369492725E-03
   6.094476103      0.7424031916E-03
   6.110713103      0.7469788128E-03
   6.126950104      0.7507057387E-03
   6.143187104      0.7536230079E-03
   6.159424104      0.7557786909E-03
   6.175661104      0.7572293303E-03
   6.191898105      0.7580392172E-03
   6.208135105      0.7582794956E-03
   6.224372105      0.7580270907E-03
   6.240609106      0.7573634601E-03
   6.256846106      0.7563731727E-03
   6.273083106      0.7551423288E-03
   6.289320107      0.7537568413E-03
   6.305557107      0.7523006112E-03
   6.321794107      0.7508536371E-03
   6.338031108      0.7494901140E-03
   6.354268108      0.7482765809E-03
   6.370505108      0.7472701863E-03
   6.386742109      0.7465171429E-03
   6.402979109      0.7460514395E-03
   6.419216109      0.7458938717E-03
     
