   0.000000000      0.6967477127E-05
  0.1646374095E-01  0.6962679519E-05
  0.3292748189E-01  0.6948537913E-05
  0.4939122284E-01  0.6925797902E-05
  0.6585496379E-01  0.6895675523E-05
  0.8231870473E-01  0.6859818225E-05
  0.9878244568E-01  0.6820251990E-05
  0.1152461866      0.6779316299E-05
  0.1317099276      0.6739589032E-05
  0.1481736685      0.6703803696E-05
  0.1646374095      0.6674761643E-05
  0.1811011504      0.6655242063E-05
  0.1975648914      0.6647912640E-05
  0.2140286323      0.6655243701E-05
  0.2304923732      0.6679428587E-05
  0.2469561142      0.6722312754E-05
  0.2634198551      0.6785333840E-05
  0.2798835961      0.6869474549E-05
  0.2963473370      0.6975229803E-05
  0.3128110780      0.7102589132E-05
  0.3292748189      0.7251034774E-05
  0.3457385599      0.7419555444E-05
  0.3622023008      0.7606675222E-05
  0.3786660418      0.7810496499E-05
  0.3951297827      0.8028755495E-05
  0.4115935237      0.8258888405E-05
  0.4280572646      0.8498105938E-05
  0.4445210056      0.8622200401E-05
  0.4609847465      0.8702760318E-05
  0.4774484874      0.8791906778E-05
  0.4939122284      0.8890789824E-05
  0.5103759693      0.9000343958E-05
  0.5268397103      0.9121240955E-05
  0.5433034512      0.9253849048E-05
  0.5597671922      0.9398199810E-05
  0.5762309331      0.9553963856E-05
  0.5926946741      0.9720436227E-05
  0.6091584150      0.9896532060E-05
  0.6256221560      0.1008079281E-04
  0.6420858969      0.1027140303E-04
  0.6585496379      0.1046621737E-04
  0.6750133788      0.1066279711E-04
  0.6914771197      0.1085845549E-04
  0.7079408607      0.1105031040E-04
  0.7244046016      0.1123534332E-04
  0.7408683426      0.1141046272E-04
  0.7573320835      0.1157257037E-04
  0.7737958245      0.1171862869E-04
  0.7902595654      0.1184572733E-04
  0.8067233064      0.1195114723E-04
  0.8231870473      0.1203242036E-04
  0.8396507883      0.1207606019E-04
  0.8561145292      0.1209794780E-04
  0.8725782702      0.1211152409E-04
  0.8725782702      0.1211152409E-04
  0.8887371270      0.1207917313E-04
  0.9048959839      0.1201685494E-04
  0.9210548407      0.1192444223E-04
  0.9372136976      0.1180221815E-04
  0.9533725544      0.1165086464E-04
  0.9695314113      0.1147144198E-04
  0.9856902681      0.1126536004E-04
   1.001849125      0.1103434217E-04
   1.018007982      0.1078038278E-04
   1.034166839      0.1050569997E-04
   1.050325696      0.1021268432E-04
   1.066484552      0.9903845524E-05
   1.082643409      0.9581758219E-05
   1.098802266      0.9249008479E-05
   1.114961123      0.8908142430E-05
   1.131119980      0.8561618302E-05
   1.147278837      0.8211763120E-05
   1.163437694      0.7860735099E-05
   1.179596550      0.7510492583E-05
   1.195755407      0.7162770200E-05
   1.211914264      0.6819062630E-05
   1.228073121      0.6480616206E-05
   1.244231978      0.5918735192E-05
   1.260390835      0.5350749517E-05
   1.276549692      0.4783482910E-05
   1.292708548      0.4222714096E-05
   1.308867405      0.3674190900E-05
   1.325026262      0.3143503049E-05
   1.341185119      0.2635956577E-05
   1.357343976      0.2156453309E-05
   1.373502833      0.1709378763E-05
   1.389661690      0.1298501665E-05
   1.405820546      0.9268879515E-06
   1.421979403      0.5968317690E-06
   1.438138260      0.3098055591E-06
   1.454297117      0.6643077338E-07
   1.470455974     -0.1335297701E-06
   1.486614831     -0.2911574826E-06
   1.502773687     -0.4083417497E-06
   1.518932544     -0.4877226332E-06
   1.535091401     -0.5326139256E-06
   1.551250258     -0.5469085088E-06
   1.567409115     -0.5349684725E-06
   1.583567972     -0.5015028810E-06
   1.599726829     -0.4514364423E-06
   1.615885685     -0.3897725955E-06
   1.632044542     -0.3214547075E-06
   1.648203399     -0.2512291395E-06
   1.664362256     -0.1835139023E-06
   1.680521113     -0.1222764846E-06
   1.696679970     -0.7092419095E-07
   1.712838827     -0.3220999426E-07
   1.728997683     -0.8156484146E-08
   1.745156540     -0.5117490723E-20
   1.745156540     -0.5117490723E-20
   1.761407614      0.1120893044E-07
   1.777658689      0.4486728994E-07
   1.793909763      0.1010672660E-06
   1.810160837      0.1799541590E-06
   1.826411911      0.2817140228E-06
   1.842662985      0.4065566819E-06
   1.858914059      0.5546944579E-06
   1.875165134      0.7263170404E-06
   1.891416208      0.9215630529E-06
   1.907667282      0.1140488980E-05
   1.923918356      0.1383036236E-05
   1.940169430      0.1648997277E-05
   1.956420504      0.1937981750E-05
   1.972671579      0.2249383777E-05
   1.988922653      0.2582351517E-05
   2.005173727      0.2935760213E-05
   2.021424801      0.3308189897E-05
   2.037675875      0.3697908921E-05
   2.053926949      0.4102864361E-05
   2.070178024      0.4520680235E-05
   2.086429098      0.4948664287E-05
   2.102680172      0.5383823855E-05
   2.118931246      0.5822891115E-05
   2.135182320      0.6262357658E-05
   2.151433394      0.6698518085E-05
   2.167684469      0.7127521982E-05
   2.183935543      0.7545433296E-05
   2.200186617      0.7948295886E-05
   2.216437691      0.8332203713E-05
   2.232688765      0.8693373957E-05
   2.248939839      0.9028221150E-05
   2.265190914      0.9333430335E-05
   2.281441988      0.9606027223E-05
   2.297693062      0.9843443351E-05
   2.313944136      0.1004357439E-04
   2.330195210      0.1020482985E-04
   2.346446284      0.1032617286E-04
   2.362697359      0.1040714865E-04
   2.378948433      0.1044790114E-04
   2.395199507      0.1044917698E-04
   2.411450581      0.1041231712E-04
   2.427701655      0.1033923599E-04
   2.443952729      0.1023238906E-04
   2.460203804      0.1009472960E-04
   2.476454878      0.9929655920E-05
   2.492705952      0.9740950464E-05
   2.508957026      0.9532712290E-05
   2.525208100      0.9309284689E-05
   2.541459174      0.9075179565E-05
   2.557710249      0.8835000287E-05
   2.573961323      0.8593364579E-05
   2.590212397      0.8354828934E-05
   2.606463471      0.8123815855E-05
   2.622714545      0.7904545039E-05
   2.638965619      0.7700969457E-05
   2.655216694      0.7516717053E-05
   2.671467768      0.7355038638E-05
   2.687718842      0.7218762355E-05
   2.703969916      0.7110254987E-05
   2.720220990      0.7031390241E-05
   2.736472064      0.6983524083E-05
   2.752723139      0.6967477127E-05
   2.752723139      0.6967477127E-05
   2.769291910      0.6962733415E-05
   2.785860682      0.6948694223E-05
   2.802429453      0.6925930807E-05
   2.818998225      0.6895380109E-05
   2.835566996      0.6858322375E-05
   2.852135768      0.6816350516E-05
   2.868704539      0.6771331871E-05
   2.885273311      0.6725363216E-05
   2.901842082      0.6680720010E-05
   2.918410854      0.6639800981E-05
   2.934979625      0.6605069285E-05
   2.951548397      0.6578991512E-05
   2.968117168      0.6563975912E-05
   2.984685940      0.6562311175E-05
   3.001254711      0.6576107157E-05
   3.017823483      0.6607238838E-05
   3.034392254      0.6657294788E-05
   3.050961026      0.6727531298E-05
   3.067529797      0.6818833204E-05
   3.084098568      0.6931682323E-05
   3.100667340      0.7066134231E-05
   3.117236111      0.7221803948E-05
   3.133804883      0.7397860909E-05
   3.150373654      0.7593033394E-05
   3.166942426      0.7805622399E-05
   3.183511197      0.8033524718E-05
   3.200079969      0.8274264814E-05
   3.216648740      0.8525034876E-05
   3.233217512      0.8782742263E-05
   3.249786283      0.9044063408E-05
   3.266355055      0.9305503078E-05
   3.282923826      0.9563457800E-05
   3.299492598      0.9814282163E-05
   3.316061369      0.1005435663E-04
   3.332630141      0.1028015546E-04
   3.349198912      0.1048831339E-04
   3.365767684      0.1067568960E-04
   3.382336455      0.1083942778E-04
   3.398905227      0.1075438599E-04
   3.415473998      0.1054345532E-04
   3.432042770      0.1038913603E-04
   3.448611541      0.1029506652E-04
   3.465180313      0.1026346207E-04
   3.465180313      0.1026346207E-04
   3.481973089      0.1026120851E-04
   3.498765866      0.1025454388E-04
   3.515558643      0.1024376473E-04
   3.532351419      0.1022939170E-04
   3.549144196      0.1021220390E-04
   3.565936973      0.1019327709E-04
   3.582729749      0.1017401709E-04
   3.599522526      0.1015617886E-04
   3.616315303      0.1014186208E-04
   3.633108079      0.1013347540E-04
   3.649900856      0.1013366361E-04
   3.666693632      0.1014519558E-04
   3.683486409      0.1017081424E-04
   3.700279186      0.1021305427E-04
   3.717071962      0.1027403691E-04
   3.733864739      0.1035525542E-04
   3.750657516      0.1045736699E-04
   3.767450292      0.1058000937E-04
   3.784243069      0.1072166047E-04
   3.801035846      0.1087955845E-04
   3.817828622      0.1104969752E-04
   3.834621399      0.1116639109E-04
   3.851414176      0.1126787352E-04
   3.868206952      0.1140715556E-04
   3.884999729      0.1156545134E-04
   3.901792505      0.1172527684E-04
   3.918585282      0.1187116867E-04
   3.935378059      0.1199024736E-04
   3.952170835      0.1207260705E-04
   3.968963612      0.1211152409E-04
   3.968963612      0.1211152409E-04
   3.985214686      0.1207456781E-04
   4.001465760      0.1199675769E-04
   4.017716834      0.1188404610E-04
   4.033967909      0.1174518447E-04
   4.050218983      0.1159155871E-04
   4.066470057      0.1143687551E-04
   4.082721131      0.1129670476E-04
   4.098972205      0.1118789106E-04
   4.115223279      0.1110067363E-04
   4.131474354      0.1093333124E-04
   4.147725428      0.1077601015E-04
   4.163976502      0.1063271076E-04
   4.180227576      0.1050635815E-04
   4.196478650      0.1039877936E-04
   4.212729724      0.1031074688E-04
   4.228980799      0.1024207733E-04
   4.245231873      0.1019177223E-04
   4.261482947      0.1015818624E-04
   4.277734021      0.1013920843E-04
   4.293985095      0.1013244262E-04
   4.310236169      0.1013537500E-04
   4.326487244      0.1014551964E-04
   4.342738318      0.1016053526E-04
   4.358989392      0.1017831011E-04
   4.375240466      0.1019701483E-04
   4.391491540      0.1021512574E-04
   4.407742614      0.1023142370E-04
   4.423993689      0.1024497511E-04
   4.440244763      0.1025510229E-04
   4.456495837      0.1026135108E-04
   4.472746911      0.1026346207E-04
   4.472746911      0.1026346207E-04
   4.489315683      0.1023288251E-04
   4.505884454      0.1014171019E-04
   4.522453226      0.9991627276E-05
   4.539021997      0.9785381571E-05
   4.555590769      0.9526705081E-05
   4.572159540      0.9220204289E-05
   4.588728312      0.8871226310E-05
   4.605297083      0.8485705882E-05
   4.621865855      0.8069998842E-05
   4.638434626      0.7630708156E-05
   4.655003398      0.7174508709E-05
   4.671572169      0.6707977034E-05
   4.688140941      0.6237431754E-05
   4.704709712      0.5768789989E-05
   4.721278484      0.5307444186E-05
   4.737847255      0.4858162885E-05
   4.754416027      0.4425017882E-05
   4.770984798      0.4011339092E-05
   4.787553570      0.3619697283E-05
   4.804122341      0.3251913671E-05
   4.820691112      0.2909094373E-05
   4.837259884      0.2591686731E-05
   4.853828655      0.2299553782E-05
   4.870397427      0.2032062576E-05
   4.886966198      0.1788181671E-05
   4.903534970      0.1566583018E-05
   4.920103741      0.1365743528E-05
   4.936672513      0.1184041929E-05
   4.953241284      0.1019847019E-05
   4.969810056      0.8715940836E-06
   4.986378827      0.7378470371E-06
   5.002947599      0.6173447308E-06
   5.019516370      0.5090307721E-06
   5.036085142      0.4120671178E-06
   5.052653913      0.3258325489E-06
   5.069222685      0.2499078952E-06
   5.085791456      0.1840504991E-06
   5.102360228      0.1281608748E-06
   5.118928999      0.8224479411E-07
   5.135497771      0.4637412173E-07
   5.152066542      0.2064961309E-07
   5.168635314      0.5168596098E-08
   5.185204085     -0.5117490723E-20
   5.185204085     -0.5117490723E-20
   5.201441086     -0.1045844572E-07
   5.217678086     -0.4119974485E-07
   5.233915086     -0.9034196995E-07
   5.250152087     -0.1548152697E-06
   5.266389087     -0.2304598474E-06
   5.282626087     -0.3121590648E-06
   5.298863088     -0.3940037451E-06
   5.315100088     -0.4694828206E-06
   5.331337088     -0.5316946809E-06
   5.347574088     -0.5735729521E-06
   5.363811089     -0.5881199846E-06
   5.380048089     -0.5686410731E-06
   5.396285089     -0.5089723745E-06
   5.412522090     -0.4036956353E-06
   5.428759090     -0.2483331823E-06
   5.444996090     -0.3951716801E-07
   5.461233091      0.2248722351E-06
   5.477470091      0.5456041276E-06
   5.493707091      0.9220331075E-06
   5.509944092      0.1352076767E-05
   5.526181092      0.1832235635E-05
   5.542418092      0.2357655508E-05
   5.558655093      0.2922230916E-05
   5.574892093      0.3518747257E-05
   5.591129093      0.4139057994E-05
   5.607366093      0.4748893050E-05
   5.623603094      0.5157008553E-05
   5.639840094      0.5566594696E-05
   5.656077094      0.5974176510E-05
   5.672314095      0.6376291924E-05
   5.688551095      0.6769561642E-05
   5.704788095      0.7150756885E-05
   5.721025096      0.7516862929E-05
   5.737262096      0.7865134889E-05
   5.753499096      0.8193100479E-05
   5.769736097      0.8393934919E-05
   5.785973097      0.8511798690E-05
   5.802210097      0.8606305583E-05
   5.818447098      0.8678477165E-05
   5.834684098      0.8729707246E-05
   5.850921098      0.8761756742E-05
   5.867158099      0.8776724259E-05
   5.883395099      0.8777006741E-05
   5.899632099      0.8765251828E-05
   5.915869099      0.8744302897E-05
   5.932106100      0.8717137909E-05
   5.948343100      0.8686803309E-05
   5.964580100      0.8656344427E-05
   5.980817101      0.8628733936E-05
   5.997054101      0.8606800020E-05
   6.013291101      0.8593155907E-05
   6.029528102      0.8590132384E-05
   6.045765102      0.8599714742E-05
   6.062002102      0.8623485351E-05
   6.078239103      0.8662572647E-05
   6.094476103      0.8717606678E-05
   6.110713103      0.8788680431E-05
   6.126950104      0.8875314764E-05
   6.143187104      0.8976422721E-05
   6.159424104      0.9090266184E-05
   6.175661104      0.9214394916E-05
   6.191898105      0.9345558793E-05
   6.208135105      0.9479602593E-05
   6.224372105      0.9611426795E-05
   6.240609106      0.9735277297E-05
   6.256846106      0.9845788323E-05
   6.273083106      0.9939714945E-05
   6.289320107      0.1001697921E-04
   6.305557107      0.1007978991E-04
   6.321794107      0.1013085708E-04
   6.338031108      0.1017229313E-04
   6.354268108      0.1020540278E-04
   6.370505108      0.1023086682E-04
   6.386742109      0.1024898112E-04
   6.402979109      0.1025984135E-04
   6.419216109      0.1026346207E-04
     
   0.000000000      0.6967477127E-05
  0.1646374095E-01  0.6962679519E-05
  0.3292748189E-01  0.6948537913E-05
  0.4939122284E-01  0.6925797902E-05
  0.6585496379E-01  0.6895675523E-05
  0.8231870473E-01  0.6859818225E-05
  0.9878244568E-01  0.6820251990E-05
  0.1152461866      0.6779316299E-05
  0.1317099276      0.6739589032E-05
  0.1481736685      0.6703803696E-05
  0.1646374095      0.6674761643E-05
  0.1811011504      0.6655242063E-05
  0.1975648914      0.6647912640E-05
  0.2140286323      0.6655243701E-05
  0.2304923732      0.6679428587E-05
  0.2469561142      0.6722312754E-05
  0.2634198551      0.6785333840E-05
  0.2798835961      0.6869474549E-05
  0.2963473370      0.6975229803E-05
  0.3128110780      0.7102589132E-05
  0.3292748189      0.7251034774E-05
  0.3457385599      0.7419555444E-05
  0.3622023008      0.7606675222E-05
  0.3786660418      0.7810496499E-05
  0.3951297827      0.8028755495E-05
  0.4115935237      0.8258888405E-05
  0.4280572646      0.8498105938E-05
  0.4445210056      0.8743473694E-05
  0.4609847465      0.8991995671E-05
  0.4774484874      0.9240698084E-05
  0.4939122284      0.9486710678E-05
  0.5103759693      0.9727342798E-05
  0.5268397103      0.9960151694E-05
  0.5433034512      0.1018300075E-04
  0.5597671922      0.1039410575E-04
  0.5762309331      0.1059206760E-04
  0.5926946741      0.1077589049E-04
  0.6091584150      0.1094498496E-04
  0.6256221560      0.1109915573E-04
  0.6420858969      0.1123857491E-04
  0.6585496379      0.1136374146E-04
  0.6750133788      0.1147542851E-04
  0.6914771197      0.1157462028E-04
  0.7079408607      0.1166244109E-04
  0.7244046016      0.1174007881E-04
  0.7408683426      0.1180870579E-04
  0.7573320835      0.1186939988E-04
  0.7737958245      0.1192306887E-04
  0.7902595654      0.1197038077E-04
  0.8067233064      0.1201170298E-04
  0.8231870473      0.1204705265E-04
  0.8396507883      0.1207606019E-04
  0.8561145292      0.1209794780E-04
  0.8725782702      0.1211152409E-04
  0.8725782702      0.1211152409E-04
  0.8887371270      0.1211522865E-04
  0.9048959839      0.1210753512E-04
  0.9210548407      0.1208627901E-04
  0.9372136976      0.1204904305E-04
  0.9533725544      0.1199322364E-04
  0.9695314113      0.1191610783E-04
  0.9856902681      0.1181495865E-04
   1.001849125      0.1168710633E-04
   1.018007982      0.1153004260E-04
   1.034166839      0.1134151537E-04
   1.050325696      0.1111962054E-04
   1.066484552      0.1086288824E-04
   1.082643409      0.1057036055E-04
   1.098802266      0.1024165806E-04
   1.114961123      0.9877032873E-05
   1.131119980      0.9477406126E-05
   1.147278837      0.9044388380E-05
   1.163437694      0.8580281753E-05
   1.179596550      0.8088063251E-05
   1.195755407      0.7571349212E-05
   1.211914264      0.7034341385E-05
   1.228073121      0.6481755681E-05
   1.244231978      0.5918735192E-05
   1.260390835      0.5350749517E-05
   1.276549692      0.4783482910E-05
   1.292708548      0.4222714096E-05
   1.308867405      0.3674190900E-05
   1.325026262      0.3143503049E-05
   1.341185119      0.2635956577E-05
   1.357343976      0.2156453309E-05
   1.373502833      0.1709378763E-05
   1.389661690      0.1298501665E-05
   1.405820546      0.9268879515E-06
   1.421979403      0.5968317690E-06
   1.438138260      0.3098055591E-06
   1.454297117      0.6643077338E-07
   1.470455974     -0.1335297701E-06
   1.486614831     -0.2911574826E-06
   1.502773687     -0.4083417497E-06
   1.518932544     -0.4877226332E-06
   1.535091401     -0.5326139256E-06
   1.551250258     -0.5469085088E-06
   1.567409115     -0.5349684725E-06
   1.583567972     -0.5015028810E-06
   1.599726829     -0.4514364423E-06
   1.615885685     -0.3897725955E-06
   1.632044542     -0.3214547075E-06
   1.648203399     -0.2512291395E-06
   1.664362256     -0.1835139023E-06
   1.680521113     -0.1222764846E-06
   1.696679970     -0.7092419095E-07
   1.712838827     -0.3220999426E-07
   1.728997683     -0.8156484146E-08
   1.745156540     -0.5117490723E-20
   1.745156540     -0.5117490723E-20
   1.761407614      0.1120893044E-07
   1.777658689      0.4486728994E-07
   1.793909763      0.1010672660E-06
   1.810160837      0.1799541590E-06
   1.826411911      0.2817140228E-06
   1.842662985      0.4065566819E-06
   1.858914059      0.5546944579E-06
   1.875165134      0.7263170404E-06
   1.891416208      0.9215630529E-06
   1.907667282      0.1140488980E-05
   1.923918356      0.1383036236E-05
   1.940169430      0.1648997277E-05
   1.956420504      0.1937981750E-05
   1.972671579      0.2249383777E-05
   1.988922653      0.2582351517E-05
   2.005173727      0.2935760213E-05
   2.021424801      0.3308189897E-05
   2.037675875      0.3697908921E-05
   2.053926949      0.4102864361E-05
   2.070178024      0.4520680235E-05
   2.086429098      0.4948664287E-05
   2.102680172      0.5383823855E-05
   2.118931246      0.5822891115E-05
   2.135182320      0.6262357658E-05
   2.151433394      0.6698518085E-05
   2.167684469      0.7127521982E-05
   2.183935543      0.7545433296E-05
   2.200186617      0.7948295886E-05
   2.216437691      0.8332203713E-05
   2.232688765      0.8693373957E-05
   2.248939839      0.9028221150E-05
   2.265190914      0.9333430335E-05
   2.281441988      0.9606027223E-05
   2.297693062      0.9843443351E-05
   2.313944136      0.1004357439E-04
   2.330195210      0.1020482985E-04
   2.346446284      0.1032617286E-04
   2.362697359      0.1040714865E-04
   2.378948433      0.1044790114E-04
   2.395199507      0.1044917698E-04
   2.411450581      0.1041231712E-04
   2.427701655      0.1033923599E-04
   2.443952729      0.1023238906E-04
   2.460203804      0.1009472960E-04
   2.476454878      0.9929655920E-05
   2.492705952      0.9740950464E-05
   2.508957026      0.9532712290E-05
   2.525208100      0.9309284689E-05
   2.541459174      0.9075179565E-05
   2.557710249      0.8835000287E-05
   2.573961323      0.8593364579E-05
   2.590212397      0.8354828934E-05
   2.606463471      0.8123815855E-05
   2.622714545      0.7904545039E-05
   2.638965619      0.7700969457E-05
   2.655216694      0.7516717053E-05
   2.671467768      0.7355038638E-05
   2.687718842      0.7218762355E-05
   2.703969916      0.7110254987E-05
   2.720220990      0.7031390241E-05
   2.736472064      0.6983524083E-05
   2.752723139      0.6967477127E-05
   2.752723139      0.6967477127E-05
   2.769291910      0.6989682491E-05
   2.785860682      0.7056217749E-05
   2.802429453      0.7166840025E-05
   2.818998225      0.7321143311E-05
   2.835566996      0.7518556703E-05
   2.852135768      0.7758342071E-05
   2.868704539      0.8039591280E-05
   2.885273311      0.8361223123E-05
   2.901842082      0.8721980149E-05
   2.918410854      0.9120425602E-05
   2.934979625      0.9554940683E-05
   2.951548397      0.1002372238E-04
   2.968117168      0.1052478210E-04
   2.984685940      0.1105594536E-04
   3.001254711      0.1161485277E-04
   3.017823483      0.1219896246E-04
   3.034392254      0.1280555433E-04
   3.050961026      0.1343173604E-04
   3.067529797      0.1407445117E-04
   3.084098568      0.1473048943E-04
   3.100667340      0.1530278062E-04
   3.117236111      0.1542315666E-04
   3.133804883      0.1547140200E-04
   3.150373654      0.1544840658E-04
   3.166942426      0.1535656337E-04
   3.183511197      0.1519970718E-04
   3.200079969      0.1498302293E-04
   3.216648740      0.1471292530E-04
   3.233217512      0.1439691245E-04
   3.249786283      0.1404339689E-04
   3.266355055      0.1366151727E-04
   3.282923826      0.1326093501E-04
   3.299492598      0.1285162028E-04
   3.316061369      0.1244363186E-04
   3.332630141      0.1204689563E-04
   3.349198912      0.1167098645E-04
   3.365767684      0.1132491812E-04
   3.382336455      0.1101694593E-04
   3.398905227      0.1097701091E-04
   3.415473998      0.1108630975E-04
   3.432042770      0.1116562388E-04
   3.448611541      0.1121371464E-04
   3.465180313      0.1122982910E-04
   3.465180313      0.1122982910E-04
   3.481973089      0.1121788929E-04
   3.498765866      0.1118294357E-04
   3.515558643      0.1112755432E-04
   3.532351419      0.1105580036E-04
   3.549144196      0.1097300295E-04
   3.565936973      0.1088536879E-04
   3.582729749      0.1079957425E-04
   3.599522526      0.1072231920E-04
   3.616315303      0.1065988088E-04
   3.633108079      0.1061769788E-04
   3.649900856      0.1060001278E-04
   3.666693632      0.1060959713E-04
   3.683486409      0.1064757760E-04
   3.700279186      0.1071337442E-04
   3.717071962      0.1080475597E-04
   3.733864739      0.1091800504E-04
   3.750657516      0.1104818493E-04
   3.767450292      0.1118948622E-04
   3.784243069      0.1127776427E-04
   3.801035846      0.1115330892E-04
   3.817828622      0.1112194960E-04
   3.834621399      0.1122691030E-04
   3.851414176      0.1140504301E-04
   3.868206952      0.1157722321E-04
   3.884999729      0.1173621342E-04
   3.901792505      0.1187483690E-04
   3.918585282      0.1198645569E-04
   3.935378059      0.1206547511E-04
   3.952170835      0.1210784488E-04
   3.968963612      0.1211152409E-04
   3.968963612      0.1211152409E-04
   3.985214686      0.1210857226E-04
   4.001465760      0.1206934782E-04
   4.017716834      0.1199560548E-04
   4.033967909      0.1189088754E-04
   4.050218983      0.1176013248E-04
   4.066470057      0.1160925141E-04
   4.082721131      0.1144469821E-04
   4.098972205      0.1127305780E-04
   4.115223279      0.1112785524E-04
   4.131474354      0.1113381401E-04
   4.147725428      0.1122195163E-04
   4.163976502      0.1124583382E-04
   4.180227576      0.1110644197E-04
   4.196478650      0.1097503165E-04
   4.212729724      0.1085710336E-04
   4.228980799      0.1075754682E-04
   4.245231873      0.1068032101E-04
   4.261482947      0.1062819157E-04
   4.277734021      0.1060254270E-04
   4.293985095      0.1060327633E-04
   4.310236169      0.1062880547E-04
   4.326487244      0.1067614262E-04
   4.342738318      0.1074107800E-04
   4.358989392      0.1081843647E-04
   4.375240466      0.1090239709E-04
   4.391491540      0.1098685495E-04
   4.407742614      0.1106580241E-04
   4.423993689      0.1113370541E-04
   4.440244763      0.1118585083E-04
   4.456495837      0.1121864282E-04
   4.472746911      0.1122982910E-04
   4.472746911      0.1122982910E-04
   4.489315683      0.1119516038E-04
   4.505884454      0.1109200107E-04
   4.522453226      0.1092285920E-04
   4.539021997      0.1069180808E-04
   4.555590769      0.1040433107E-04
   4.572159540      0.1006711395E-04
   4.588728312      0.9687793947E-05
   4.605297083      0.9274676399E-05
   4.621865855      0.8836431451E-05
   4.638434626      0.8381783819E-05
   4.655003398      0.7919208997E-05
   4.671572169      0.7456648796E-05
   4.688140941      0.7001258099E-05
   4.704709712      0.6559193194E-05
   4.721278484      0.6135450035E-05
   4.737847255      0.5733758397E-05
   4.754416027      0.5356535290E-05
   4.770984798      0.5004898222E-05
   4.787553570      0.4678736146E-05
   4.804122341      0.4376833325E-05
   4.820691112      0.4097038927E-05
   4.837259884      0.3836473207E-05
   4.853828655      0.3591759528E-05
   4.870397427      0.3359270459E-05
   4.886966198      0.3135375737E-05
   4.903534970      0.2916679972E-05
   4.920103741      0.2700238704E-05
   4.936672513      0.2483742656E-05
   4.953241284      0.2265661715E-05
   4.969810056      0.2045342323E-05
   4.986378827      0.1823054313E-05
   5.002947599      0.1599985794E-05
   5.019516370      0.1378187301E-05
   5.036085142      0.1160468914E-05
   5.052653913      0.9502563920E-06
   5.069222685      0.7514143355E-06
   5.085791456      0.5680459763E-06
   5.102360228      0.4042802933E-06
   5.118928999      0.2640576910E-06
   5.135497771      0.1509254731E-06
   5.152066542      0.6785376565E-07
   5.168635314      0.1708143937E-07
   5.185204085     -0.5117490723E-20
   5.185204085     -0.5117490723E-20
   5.201441086      0.2864483645E-08
   5.217678086      0.1161955422E-07
   5.233915086      0.2674462132E-07
   5.250152087      0.4902069398E-07
   5.266389087      0.7950391709E-07
   5.282626087      0.1194896002E-06
   5.298863088      0.1704677796E-06
   5.315100088      0.2340716022E-06
   5.331337088      0.3120200268E-06
   5.347574088      0.4060565101E-06
   5.363811089      0.5178854612E-06
   5.380048089      0.6491083207E-06
   5.396285089      0.8011611364E-06
   5.412522090      0.9752554718E-06
   5.428759090      0.1172324394E-05
   5.444996090      0.1392975153E-05
   5.461233091      0.1637449967E-05
   5.477470091      0.1905596124E-05
   5.493707091      0.2196846326E-05
   5.509944092      0.2510209931E-05
   5.526181092      0.2844275420E-05
   5.542418092      0.3197224134E-05
   5.558655093      0.3566854963E-05
   5.574892093      0.3950619383E-05
   5.591129093      0.4345665948E-05
   5.607366093      0.4774292300E-05
   5.623603094      0.5415087591E-05
   5.639840094      0.6051840618E-05
   5.656077094      0.6674970232E-05
   5.672314095      0.7191850147E-05
   5.688551095      0.7448206936E-05
   5.704788095      0.7683572281E-05
   5.721025096      0.7896627653E-05
   5.737262096      0.8086400911E-05
   5.753499096      0.8252342287E-05
   5.769736097      0.8499013278E-05
   5.785973097      0.8780795945E-05
   5.802210097      0.9037453743E-05
   5.818447098      0.9268186852E-05
   5.834684098      0.9472657956E-05
   5.850921098      0.9650968153E-05
   5.867158099      0.9803638234E-05
   5.883395099      0.9931582048E-05
   5.899632099      0.1003607187E-04
   5.915869099      0.1011869674E-04
   5.932106100      0.1018131504E-04
   5.948343100      0.1022600270E-04
   5.964580100      0.1025499861E-04
   5.980817101      0.1027064862E-04
   5.997054101      0.1027534991E-04
   6.013291101      0.1027149712E-04
   6.029528102      0.1026143183E-04
   6.045765102      0.1024739695E-04
   6.062002102      0.1023149751E-04
   6.078239103      0.1021566964E-04
   6.094476103      0.1020165947E-04
   6.110713103      0.1019101450E-04
   6.126950104      0.1018509084E-04
   6.143187104      0.1018508092E-04
   6.159424104      0.1019206918E-04
   6.175661104      0.1020712509E-04
   6.191898105      0.1023144174E-04
   6.208135105      0.1026650944E-04
   6.224372105      0.1031423878E-04
   6.240609106      0.1037676801E-04
   6.256846106      0.1045552797E-04
   6.273083106      0.1054962507E-04
   6.289320107      0.1065491528E-04
   6.305557107      0.1076500585E-04
   6.321794107      0.1087316049E-04
   6.338031108      0.1097351271E-04
   6.354268108      0.1106138227E-04
   6.370505108      0.1113318673E-04
   6.386742109      0.1118628424E-04
   6.402979109      0.1121885467E-04
   6.419216109      0.1122982910E-04
     
   0.000000000      0.6967477127E-05
  0.1646374095E-01  0.6973251936E-05
  0.3292748189E-01  0.6990447457E-05
  0.4939122284E-01  0.7018681394E-05
  0.6585496379E-01  0.7057331162E-05
  0.8231870473E-01  0.7105555246E-05
  0.9878244568E-01  0.7162322109E-05
  0.1152461866      0.7226445690E-05
  0.1317099276      0.7296626314E-05
  0.1481736685      0.7371495654E-05
  0.1646374095      0.7449664254E-05
  0.1811011504      0.7529769999E-05
  0.1975648914      0.7610525930E-05
  0.2140286323      0.7690765756E-05
  0.2304923732      0.7769485520E-05
  0.2469561142      0.7845879982E-05
  0.2634198551      0.7919372414E-05
  0.2798835961      0.7989636756E-05
  0.2963473370      0.8056611260E-05
  0.3128110780      0.8120503078E-05
  0.3292748189      0.8181783471E-05
  0.3457385599      0.8241173671E-05
  0.3622023008      0.8299621684E-05
  0.3786660418      0.8358270642E-05
  0.3951297827      0.8418419567E-05
  0.4115935237      0.8481477660E-05
  0.4280572646      0.8548913465E-05
  0.4445210056      0.8743473694E-05
  0.4609847465      0.8991995671E-05
  0.4774484874      0.9240698084E-05
  0.4939122284      0.9486710678E-05
  0.5103759693      0.9727342798E-05
  0.5268397103      0.9960151694E-05
  0.5433034512      0.1018300075E-04
  0.5597671922      0.1039410575E-04
  0.5762309331      0.1059206760E-04
  0.5926946741      0.1077589049E-04
  0.6091584150      0.1094498496E-04
  0.6256221560      0.1109915573E-04
  0.6420858969      0.1123857491E-04
  0.6585496379      0.1136374146E-04
  0.6750133788      0.1147542851E-04
  0.6914771197      0.1157462028E-04
  0.7079408607      0.1166244109E-04
  0.7244046016      0.1174007881E-04
  0.7408683426      0.1180870579E-04
  0.7573320835      0.1186939988E-04
  0.7737958245      0.1192306887E-04
  0.7902595654      0.1197038077E-04
  0.8067233064      0.1201170298E-04
  0.8231870473      0.1204705265E-04
  0.8396507883      0.1208738363E-04
  0.8561145292      0.1211422551E-04
  0.8725782702      0.1211152409E-04
  0.8725782702      0.1211152409E-04
  0.8887371270      0.1211522865E-04
  0.9048959839      0.1210753512E-04
  0.9210548407      0.1208627901E-04
  0.9372136976      0.1204904305E-04
  0.9533725544      0.1199322364E-04
  0.9695314113      0.1191610783E-04
  0.9856902681      0.1181495865E-04
   1.001849125      0.1168710633E-04
   1.018007982      0.1153004260E-04
   1.034166839      0.1134151537E-04
   1.050325696      0.1111962054E-04
   1.066484552      0.1086288824E-04
   1.082643409      0.1057036055E-04
   1.098802266      0.1024165806E-04
   1.114961123      0.9877032873E-05
   1.131119980      0.9477406126E-05
   1.147278837      0.9044388380E-05
   1.163437694      0.8580281753E-05
   1.179596550      0.8088063251E-05
   1.195755407      0.7571349212E-05
   1.211914264      0.7034341385E-05
   1.228073121      0.6481755681E-05
   1.244231978      0.6148428282E-05
   1.260390835      0.5823254083E-05
   1.276549692      0.5505620570E-05
   1.292708548      0.5195846588E-05
   1.308867405      0.4894068445E-05
   1.325026262      0.4600269902E-05
   1.341185119      0.4314315436E-05
   1.357343976      0.4035985579E-05
   1.373502833      0.3765013089E-05
   1.389661690      0.3501118710E-05
   1.405820546      0.3244045337E-05
   1.421979403      0.2993589458E-05
   1.438138260      0.2749628866E-05
   1.454297117      0.2512145798E-05
   1.470455974      0.2281244785E-05
   1.486614831      0.2057164728E-05
   1.502773687      0.1840284888E-05
   1.518932544      0.1631124693E-05
   1.535091401      0.1430337488E-05
   1.551250258      0.1238698539E-05
   1.567409115      0.1057087798E-05
   1.583567972      0.8864681083E-06
   1.599726829      0.7278596821E-06
   1.615885685      0.5823117800E-06
   1.632044542      0.4508726340E-06
   1.648203399      0.3345586863E-06
   1.664362256      0.2343242405E-06
   1.680521113      0.1510325944E-06
   1.696679970      0.8542967062E-07
   1.712838827      0.3812106361E-07
   1.728997683      0.9553305537E-08
   1.745156540     -0.5117490723E-20
   1.745156540     -0.5117490723E-20
   1.761407614      0.2962291118E-07
   1.777658689      0.1180000372E-06
   1.793909763      0.2636613785E-06
   1.810160837      0.4641738140E-06
   1.826411911      0.7161691166E-06
   1.842662985      0.1015388217E-05
   1.858914059      0.1356745951E-05
   1.875165134      0.1734420679E-05
   1.891416208      0.2141972620E-05
   1.907667282      0.2572493545E-05
   1.923918356      0.3018788624E-05
   1.940169430      0.3473588800E-05
   1.956420504      0.3929789366E-05
   1.972671579      0.4380707467E-05
   1.988922653      0.4820348446E-05
   2.005173727      0.5243668450E-05
   2.021424801      0.5646818806E-05
   2.037675875      0.6027356543E-05
   2.053926949      0.6384405303E-05
   2.070178024      0.6718751820E-05
   2.086429098      0.7032865202E-05
   2.102680172      0.7330829447E-05
   2.118931246      0.7618183739E-05
   2.135182320      0.7901670019E-05
   2.151433394      0.8188892782E-05
   2.167684469      0.8487901720E-05
   2.183935543      0.8806713344E-05
   2.200186617      0.9152792736E-05
   2.216437691      0.9532520759E-05
   2.232688765      0.9950674977E-05
   2.248939839      0.1040995408E-04
   2.265190914      0.1091057547E-04
   2.281441988      0.1144997377E-04
   2.297693062      0.1202262451E-04
   2.313944136      0.1262001175E-04
   2.330195210      0.1323075217E-04
   2.346446284      0.1384087991E-04
   2.362697359      0.1443428848E-04
   2.378948433      0.1499331691E-04
   2.395199507      0.1549945920E-04
   2.411450581      0.1593416808E-04
   2.427701655      0.1627971774E-04
   2.443952729      0.1652008516E-04
   2.460203804      0.1664180672E-04
   2.476454878      0.1663476597E-04
   2.492705952      0.1649286999E-04
   2.508957026      0.1621457588E-04
   2.525208100      0.1580323446E-04
   2.541459174      0.1526722699E-04
   2.557710249      0.1461987960E-04
   2.573961323      0.1387915132E-04
   2.590212397      0.1306710227E-04
   2.606463471      0.1220916012E-04
   2.622714545      0.1133321324E-04
   2.638965619      0.1046856798E-04
   2.655216694      0.9644815513E-05
   2.671467768      0.8890658576E-05
   2.687718842      0.8232751577E-05
   2.703969916      0.7694607623E-05
   2.720220990      0.7295623539E-05
   2.736472064      0.7050268844E-05
   2.752723139      0.6967477127E-05
   2.752723139      0.6967477127E-05
   2.769291910      0.7007874331E-05
   2.785860682      0.7128275189E-05
   2.802429453      0.7326323926E-05
   2.818998225      0.7598148827E-05
   2.835566996      0.7938442895E-05
   2.852135768      0.8340574366E-05
   2.868704539      0.8796724734E-05
   2.885273311      0.9298051383E-05
   2.901842082      0.9834871356E-05
   2.918410854      0.1039686238E-04
   2.934979625      0.1097327692E-04
   2.951548397      0.1155316463E-04
   2.968117168      0.1212559867E-04
   2.984685940      0.1267990093E-04
   3.001254711      0.1320586149E-04
   3.017823483      0.1369394766E-04
   3.034392254      0.1413549823E-04
   3.050961026      0.1452289875E-04
   3.067529797      0.1484973425E-04
   3.084098568      0.1511091614E-04
   3.100667340      0.1539649914E-04
   3.117236111      0.1606900192E-04
   3.133804883      0.1674440967E-04
   3.150373654      0.1741904374E-04
   3.166942426      0.1808915609E-04
   3.183511197      0.1875095250E-04
   3.200079969      0.1940061749E-04
   3.216648740      0.2003434071E-04
   3.233217512      0.2064834460E-04
   3.249786283      0.2123891304E-04
   3.266355055      0.2180242049E-04
   3.282923826      0.2233536152E-04
   3.299492598      0.2283438009E-04
   3.316061369      0.2329629840E-04
   3.332630141      0.2371814485E-04
   3.349198912      0.2409718066E-04
   3.365767684      0.2443092492E-04
   3.382336455      0.2471717757E-04
   3.398905227      0.2495404012E-04
   3.415473998      0.2513993364E-04
   3.432042770      0.2527361393E-04
   3.448611541      0.2535418356E-04
   3.465180313      0.2538110052E-04
   3.465180313      0.2538110052E-04
   3.481973089      0.2527898296E-04
   3.498765866      0.2497605760E-04
   3.515558643      0.2448245627E-04
   3.532351419      0.2381457234E-04
   3.549144196      0.2299434722E-04
   3.565936973      0.2204832194E-04
   3.582729749      0.2100650101E-04
   3.599522526      0.1990108458E-04
   3.616315303      0.1876513097E-04
   3.633108079      0.1763121405E-04
   3.649900856      0.1653013913E-04
   3.666693632      0.1548977675E-04
   3.683486409      0.1453406662E-04
   3.700279186      0.1368223386E-04
   3.717071962      0.1294824801E-04
   3.733864739      0.1234054202E-04
   3.750657516      0.1186199464E-04
   3.767450292      0.1151016603E-04
   3.784243069      0.1133563004E-04
   3.801035846      0.1148029932E-04
   3.817828622      0.1161756791E-04
   3.834621399      0.1174229750E-04
   3.851414176      0.1185047462E-04
   3.868206952      0.1193946420E-04
   3.884999729      0.1200816190E-04
   3.901792505      0.1205703470E-04
   3.918585282      0.1208804700E-04
   3.935378059      0.1210447737E-04
   3.952170835      0.1211063906E-04
   3.968963612      0.1211152409E-04
   3.968963612      0.1211152409E-04
   3.985214686      0.1211072197E-04
   4.001465760      0.1210513401E-04
   4.017716834      0.1209021225E-04
   4.033967909      0.1206198257E-04
   4.050218983      0.1201735142E-04
   4.066470057      0.1195435159E-04
   4.082721131      0.1187231056E-04
   4.098972205      0.1177193028E-04
   4.115223279      0.1165527316E-04
   4.131474354      0.1152565501E-04
   4.147725428      0.1138745192E-04
   4.163976502      0.1140658196E-04
   4.180227576      0.1169934187E-04
   4.196478650      0.1210845731E-04
   4.212729724      0.1263812189E-04
   4.228980799      0.1328802365E-04
   4.245231873      0.1405305014E-04
   4.261482947      0.1492319393E-04
   4.277734021      0.1588367169E-04
   4.293985095      0.1691525999E-04
   4.310236169      0.1799484025E-04
   4.326487244      0.1909613473E-04
   4.342738318      0.2019060597E-04
   4.358989392      0.2124848290E-04
   4.375240466      0.2223987036E-04
   4.391491540      0.2313589334E-04
   4.407742614      0.2390982511E-04
   4.423993689      0.2453814785E-04
   4.440244763      0.2500149736E-04
   4.456495837      0.2528544787E-04
   4.472746911      0.2538110052E-04
   4.472746911      0.2538110052E-04
   4.489315683      0.2528379085E-04
   4.505884454      0.2499485940E-04
   4.522453226      0.2452317175E-04
   4.539021997      0.2388308579E-04
   4.555590769      0.2309384492E-04
   4.572159540      0.2217876773E-04
   4.588728312      0.2116427146E-04
   4.605297083      0.2007877386E-04
   4.621865855      0.1895152343E-04
   4.638434626      0.1781141150E-04
   4.655003398      0.1668581959E-04
   4.671572169      0.1559955424E-04
   4.688140941      0.1457391662E-04
   4.704709712      0.1362594807E-04
   4.721278484      0.1276788388E-04
   4.737847255      0.1200683826E-04
   4.754416027      0.1134473169E-04
   4.770984798      0.1077846131E-04
   4.787553570      0.1030030275E-04
   4.804122341      0.9898521630E-05
   4.820691112      0.9558162832E-05
   4.837259884      0.9261977746E-05
   4.853828655      0.8991443299E-05
   4.870397427      0.8727822693E-05
   4.886966198      0.8453216166E-05
   4.903534970      0.8151550972E-05
   4.920103741      0.7809463146E-05
   4.936672513      0.7417029171E-05
   4.953241284      0.6968313236E-05
   4.969810056      0.6461704972E-05
   4.986378827      0.5900032871E-05
   5.002947599      0.5290449631E-05
   5.019516370      0.4644096782E-05
   5.036085142      0.3975566709E-05
   5.052653913      0.3302189996E-05
   5.069222685      0.2643184420E-05
   5.085791456      0.2018708569E-05
   5.102360228      0.1448867567E-05
   5.118928999      0.9527205511E-06
   5.135497771      0.5473393276E-06
   5.152066542      0.2469649597E-06
   5.168635314      0.6230411255E-07
   5.185204085     -0.5117490723E-20
   5.185204085     -0.5117490723E-20
   5.201441086      0.1058494590E-07
   5.217678086      0.4233629397E-07
   5.233915086      0.9524169427E-07
   5.250152087      0.1692743632E-06
   5.266389087      0.2643840247E-06
   5.282626087      0.3804847037E-06
   5.298863088      0.5174398311E-06
   5.315100088      0.6750452266E-06
   5.331337088      0.8530106162E-06
   5.347574088      0.1050940412E-05
   5.363811089      0.1268314532E-05
   5.380048089      0.1504470061E-05
   5.396285089      0.1758584558E-05
   5.412522090      0.2029661793E-05
   5.428759090      0.2316520637E-05
   5.444996090      0.2617787790E-05
   5.461233091      0.2931894888E-05
   5.477470091      0.3257080488E-05
   5.493707091      0.3591397232E-05
   5.509944092      0.3932724417E-05
   5.526181092      0.4278786004E-05
   5.542418092      0.4627173966E-05
   5.558655093      0.4975376725E-05
   5.574892093      0.5320812265E-05
   5.591129093      0.5660865367E-05
   5.607366093      0.5992928290E-05
   5.623603094      0.6314444071E-05
   5.639840094      0.6622951551E-05
   5.656077094      0.6916131124E-05
   5.672314095      0.7275184475E-05
   5.688551095      0.7843744486E-05
   5.704788095      0.8372717702E-05
   5.721025096      0.8855213046E-05
   5.737262096      0.9285591211E-05
   5.753499096      0.9659643780E-05
   5.769736097      0.9974735688E-05
   5.785973097      0.1022990651E-04
   5.802210097      0.1042592715E-04
   5.818447098      0.1056530963E-04
   5.834684098      0.1065226907E-04
   5.850921098      0.1069263811E-04
   5.867158099      0.1069373540E-04
   5.883395099      0.1066419109E-04
   5.899632099      0.1061373339E-04
   5.915869099      0.1055294135E-04
   5.932106100      0.1049297012E-04
   5.948343100      0.1044525560E-04
   5.964580100      0.1042120610E-04
   5.980817101      0.1043188909E-04
   5.997054101      0.1048772129E-04
   6.013291101      0.1059817028E-04
   6.029528102      0.1077147584E-04
   6.045765102      0.1101439838E-04
   6.062002102      0.1133200166E-04
   6.078239103      0.1172747570E-04
   6.094476103      0.1220200514E-04
   6.110713103      0.1275468690E-04
   6.126950104      0.1338249996E-04
   6.143187104      0.1408032853E-04
   6.159424104      0.1484103855E-04
   6.175661104      0.1565560633E-04
   6.191898105      0.1651329622E-04
   6.208135105      0.1740188358E-04
   6.224372105      0.1830791754E-04
   6.240609106      0.1921701727E-04
   6.256846106      0.2011419466E-04
   6.273083106      0.2098419525E-04
   6.289320107      0.2181184908E-04
   6.305557107      0.2258242269E-04
   6.321794107      0.2328196332E-04
   6.338031108      0.2389762686E-04
   6.354268108      0.2441798104E-04
   6.370505108      0.2483327635E-04
   6.386742109      0.2513567771E-04
   6.402979109      0.2531945114E-04
   6.419216109      0.2538110052E-04
     
